{"numTotalTestSuites":101,"numPassedTestSuites":97,"numFailedTestSuites":4,"numPendingTestSuites":0,"numTotalTests":281,"numPassedTests":278,"numFailedTests":3,"numPendingTests":0,"numTodoTests":0,"snapshot":{"added":0,"failure":false,"filesAdded":0,"filesRemoved":0,"filesRemovedList":[],"filesUnmatched":0,"filesUpdated":0,"matched":0,"total":0,"unchecked":0,"uncheckedKeysByFile":[],"unmatched":0,"updated":0,"didUpdate":false},"startTime":1759121916515,"success":false,"testResults":[{"assertionResults":[{"ancestorTitles":["App Component"],"fullName":"App Component renders app components","status":"passed","title":"renders app components","duration":76.6678330000002,"failureMessages":[],"meta":{}}],"startTime":1759121921010,"endTime":1759121921086.6677,"status":"passed","message":"","name":"/Users/dinkark/Documents/AI-Talentica/AI Native M2/BookVerse/book-review-frontend/src/__tests__/App.test.tsx"},{"assertionResults":[{"ancestorTitles":["BookDetailPage"],"fullName":"BookDetailPage shows loading state initially","status":"passed","title":"shows loading state initially","duration":28.32899999999995,"failureMessages":[],"meta":{}},{"ancestorTitles":["BookDetailPage"],"fullName":"BookDetailPage shows loading initially","status":"passed","title":"shows loading initially","duration":5.741375000000062,"failureMessages":[],"meta":{}},{"ancestorTitles":["BookDetailPage"],"fullName":"BookDetailPage handles page routing","status":"passed","title":"handles page routing","duration":1.8820000000000618,"failureMessages":[],"meta":{}}],"startTime":1759121923042,"endTime":1759121923078.882,"status":"passed","message":"","name":"/Users/dinkark/Documents/AI-Talentica/AI Native M2/BookVerse/book-review-frontend/src/__tests__/BookDetailPage.simple.test.tsx"},{"assertionResults":[{"ancestorTitles":["HomePage"],"fullName":"HomePage renders homepage components","status":"passed","title":"renders homepage components","duration":28.578708000000006,"failureMessages":[],"meta":{}},{"ancestorTitles":["HomePage"],"fullName":"HomePage renders without crashing","status":"passed","title":"renders without crashing","duration":2.9706250000001546,"failureMessages":[],"meta":{}}],"startTime":1759121922542,"endTime":1759121922572.9707,"status":"passed","message":"","name":"/Users/dinkark/Documents/AI-Talentica/AI Native M2/BookVerse/book-review-frontend/src/__tests__/HomePage.test.tsx"},{"assertionResults":[{"ancestorTitles":["LoginPage"],"fullName":"LoginPage renders login form","status":"passed","title":"renders login form","duration":33.06524999999988,"failureMessages":[],"meta":{}}],"startTime":1759121920025,"endTime":1759121920058.0652,"status":"passed","message":"","name":"/Users/dinkark/Documents/AI-Talentica/AI Native M2/BookVerse/book-review-frontend/src/__tests__/LoginPage.test.tsx"},{"assertionResults":[{"ancestorTitles":["ProfilePage"],"fullName":"ProfilePage renders profile page header","status":"passed","title":"renders profile page header","duration":23.35158300000012,"failureMessages":[],"meta":{}}],"startTime":1759121923877,"endTime":1759121923900.3516,"status":"passed","message":"","name":"/Users/dinkark/Documents/AI-Talentica/AI Native M2/BookVerse/book-review-frontend/src/__tests__/ProfilePage.test.tsx"},{"assertionResults":[{"ancestorTitles":["SignupPage"],"fullName":"SignupPage renders signup form","status":"passed","title":"renders signup form","duration":42.33854100000008,"failureMessages":[],"meta":{}}],"startTime":1759121921833,"endTime":1759121921875.3386,"status":"passed","message":"","name":"/Users/dinkark/Documents/AI-Talentica/AI Native M2/BookVerse/book-review-frontend/src/__tests__/SignupPage.test.tsx"},{"assertionResults":[{"ancestorTitles":["main.tsx"],"fullName":"main.tsx renders without crashing","status":"passed","title":"renders without crashing","duration":435.68554200000017,"failureMessages":[],"meta":{}}],"startTime":1759121918149,"endTime":1759121918584.6855,"status":"passed","message":"","name":"/Users/dinkark/Documents/AI-Talentica/AI Native M2/BookVerse/book-review-frontend/src/__tests__/main.test.tsx"},{"assertionResults":[{"ancestorTitles":["BookCard - Coverage Tests"],"fullName":"BookCard - Coverage Tests covers favorite toggle functionality","status":"passed","title":"covers favorite toggle functionality","duration":91.80837500000007,"failureMessages":[],"meta":{}},{"ancestorTitles":["BookCard - Coverage Tests"],"fullName":"BookCard - Coverage Tests covers favorite toggle with already favorited book","status":"passed","title":"covers favorite toggle with already favorited book","duration":25.904083000000128,"failureMessages":[],"meta":{}},{"ancestorTitles":["BookCard - Coverage Tests"],"fullName":"BookCard - Coverage Tests covers invalid numericId handling","status":"passed","title":"covers invalid numericId handling","duration":6.695500000000038,"failureMessages":[],"meta":{}},{"ancestorTitles":["BookCard - Coverage Tests"],"fullName":"BookCard - Coverage Tests covers book article structure","status":"passed","title":"covers book article structure","duration":5.788958000000093,"failureMessages":[],"meta":{}},{"ancestorTitles":["BookCard - Coverage Tests"],"fullName":"BookCard - Coverage Tests covers title and author rendering","status":"passed","title":"covers title and author rendering","duration":5.539083000000119,"failureMessages":[],"meta":{}},{"ancestorTitles":["BookCard - Coverage Tests"],"fullName":"BookCard - Coverage Tests covers rating display","status":"passed","title":"covers rating display","duration":2.057167000000163,"failureMessages":[],"meta":{}},{"ancestorTitles":["BookCard - Coverage Tests"],"fullName":"BookCard - Coverage Tests covers zero rating display","status":"passed","title":"covers zero rating display","duration":1.801834000000099,"failureMessages":[],"meta":{}},{"ancestorTitles":["BookCard - Coverage Tests"],"fullName":"BookCard - Coverage Tests covers cover image rendering with coverImage prop","status":"passed","title":"covers cover image rendering with coverImage prop","duration":3.2385000000001583,"failureMessages":[],"meta":{}},{"ancestorTitles":["BookCard - Coverage Tests"],"fullName":"BookCard - Coverage Tests covers cover image rendering without coverImage prop","status":"passed","title":"covers cover image rendering without coverImage prop","duration":4.203416999999945,"failureMessages":[],"meta":{}},{"ancestorTitles":["BookCard - Coverage Tests"],"fullName":"BookCard - Coverage Tests covers favorite button event propagation stop","status":"passed","title":"covers favorite button event propagation stop","duration":5.102542000000085,"failureMessages":[],"meta":{}},{"ancestorTitles":["BookCard - Coverage Tests"],"fullName":"BookCard - Coverage Tests covers API error handling for favorite toggle","status":"passed","title":"covers API error handling for favorite toggle","duration":27.9704999999999,"failureMessages":[],"meta":{}}],"startTime":1759121919589,"endTime":1759121919768.9705,"status":"passed","message":"","name":"/Users/dinkark/Documents/AI-Talentica/AI Native M2/BookVerse/book-review-frontend/src/components/__tests__/BookCard.coverage.test.tsx"},{"assertionResults":[{"ancestorTitles":["BookCard Component"],"fullName":"BookCard Component renders book title","status":"passed","title":"renders book title","duration":27.535708000000113,"failureMessages":[],"meta":{}},{"ancestorTitles":["BookCard Component"],"fullName":"BookCard Component renders book author","status":"passed","title":"renders book author","duration":4.198249999999916,"failureMessages":[],"meta":{}}],"startTime":1759121923430,"endTime":1759121923461.1982,"status":"passed","message":"","name":"/Users/dinkark/Documents/AI-Talentica/AI Native M2/BookVerse/book-review-frontend/src/components/__tests__/BookCard.simple.test.tsx"},{"assertionResults":[{"ancestorTitles":["BookCardShadcn Component"],"fullName":"BookCardShadcn Component renders book card with basic information","status":"passed","title":"renders book card with basic information","duration":90.42033400000014,"failureMessages":[],"meta":{}},{"ancestorTitles":["BookCardShadcn Component"],"fullName":"BookCardShadcn Component renders book cover image","status":"passed","title":"renders book cover image","duration":4.8976249999998345,"failureMessages":[],"meta":{}},{"ancestorTitles":["BookCardShadcn Component"],"fullName":"BookCardShadcn Component creates link to book detail page","status":"passed","title":"creates link to book detail page","duration":46.52929200000017,"failureMessages":[],"meta":{}},{"ancestorTitles":["BookCardShadcn Component"],"fullName":"BookCardShadcn Component shows rating when provided","status":"passed","title":"shows rating when provided","duration":4.088833000000022,"failureMessages":[],"meta":{}},{"ancestorTitles":["BookCardShadcn Component"],"fullName":"BookCardShadcn Component shows genres when showGenres is true","status":"passed","title":"shows genres when showGenres is true","duration":2.9108749999998054,"failureMessages":[],"meta":{}},{"ancestorTitles":["BookCardShadcn Component"],"fullName":"BookCardShadcn Component hides genres when showGenres is false","status":"passed","title":"hides genres when showGenres is false","duration":3.63350000000014,"failureMessages":[],"meta":{}},{"ancestorTitles":["BookCardShadcn Component"],"fullName":"BookCardShadcn Component applies custom className","status":"passed","title":"applies custom className","duration":3.6106249999998,"failureMessages":[],"meta":{}},{"ancestorTitles":["BookCardShadcn Component"],"fullName":"BookCardShadcn Component calls onClick handler when provided","status":"passed","title":"calls onClick handler when provided","duration":8.977666999999883,"failureMessages":[],"meta":{}},{"ancestorTitles":["BookCardShadcn Component"],"fullName":"BookCardShadcn Component handles book without rating gracefully","status":"passed","title":"handles book without rating gracefully","duration":2.35933399999999,"failureMessages":[],"meta":{}},{"ancestorTitles":["BookCardShadcn Component"],"fullName":"BookCardShadcn Component applies hover effect classes","status":"passed","title":"applies hover effect classes","duration":4.282250000000204,"failureMessages":[],"meta":{}}],"startTime":1759121918382,"endTime":1759121918554.2822,"status":"passed","message":"","name":"/Users/dinkark/Documents/AI-Talentica/AI Native M2/BookVerse/book-review-frontend/src/components/__tests__/BookCardShadcn.test.tsx"},{"assertionResults":[{"ancestorTitles":["DarkModeToggle Component"],"fullName":"DarkModeToggle Component renders toggle button with proper accessibility","status":"passed","title":"renders toggle button with proper accessibility","duration":50.18791699999997,"failureMessages":[],"meta":{}},{"ancestorTitles":["DarkModeToggle Component"],"fullName":"DarkModeToggle Component applies correct button styling classes","status":"passed","title":"applies correct button styling classes","duration":1.8156249999999545,"failureMessages":[],"meta":{}},{"ancestorTitles":["DarkModeToggle Component"],"fullName":"DarkModeToggle Component calls toggleTheme when clicked","status":"passed","title":"calls toggleTheme when clicked","duration":95.27120799999989,"failureMessages":[],"meta":{}},{"ancestorTitles":["DarkModeToggle Component"],"fullName":"DarkModeToggle Component renders button properly","status":"passed","title":"renders button properly","duration":1.8212089999999534,"failureMessages":[],"meta":{}},{"ancestorTitles":["DarkModeToggle Component - Dark Theme"],"fullName":"DarkModeToggle Component - Dark Theme shows moon icon in dark mode","status":"passed","title":"shows moon icon in dark mode","duration":6.742665999999872,"failureMessages":[],"meta":{}}],"startTime":1759121918247,"endTime":1759121918402.7427,"status":"passed","message":"","name":"/Users/dinkark/Documents/AI-Talentica/AI Native M2/BookVerse/book-review-frontend/src/components/__tests__/DarkModeToggle.test.tsx"},{"assertionResults":[{"ancestorTitles":["Footer Component"],"fullName":"Footer Component renders footer with correct structure","status":"passed","title":"renders footer with correct structure","duration":19.932250000000067,"failureMessages":[],"meta":{}},{"ancestorTitles":["Footer Component"],"fullName":"Footer Component displays BookVerse brand and current year","status":"passed","title":"displays BookVerse brand and current year","duration":4.46570799999995,"failureMessages":[],"meta":{}},{"ancestorTitles":["Footer Component"],"fullName":"Footer Component renders navigation links","status":"passed","title":"renders navigation links","duration":2.2698750000001837,"failureMessages":[],"meta":{}},{"ancestorTitles":["Footer Component"],"fullName":"Footer Component has proper footer navigation label","status":"passed","title":"has proper footer navigation label","duration":2.1219169999999394,"failureMessages":[],"meta":{}},{"ancestorTitles":["Footer Component"],"fullName":"Footer Component applies hover styles to navigation links","status":"passed","title":"applies hover styles to navigation links","duration":1.3479580000000624,"failureMessages":[],"meta":{}},{"ancestorTitles":["Footer Component"],"fullName":"Footer Component has responsive flex layout","status":"passed","title":"has responsive flex layout","duration":1.9346670000002177,"failureMessages":[],"meta":{}}],"startTime":1759121918133,"endTime":1759121918165.9346,"status":"passed","message":"","name":"/Users/dinkark/Documents/AI-Talentica/AI Native M2/BookVerse/book-review-frontend/src/components/__tests__/Footer.test.tsx"},{"assertionResults":[{"ancestorTitles":["ImageWithFallback Component"],"fullName":"ImageWithFallback Component renders with provided source","status":"passed","title":"renders with provided source","duration":21.15591600000016,"failureMessages":[],"meta":{}},{"ancestorTitles":["ImageWithFallback Component"],"fullName":"ImageWithFallback Component falls back to proxy source on error","status":"passed","title":"falls back to proxy source on error","duration":16.894042000000127,"failureMessages":[],"meta":{}},{"ancestorTitles":["ImageWithFallback Component"],"fullName":"ImageWithFallback Component renders default image when no src provided","status":"passed","title":"renders default image when no src provided","duration":1.2764999999999418,"failureMessages":[],"meta":{}},{"ancestorTitles":["ImageWithFallback Component"],"fullName":"ImageWithFallback Component applies custom className","status":"passed","title":"applies custom className","duration":1.6851669999998649,"failureMessages":[],"meta":{}},{"ancestorTitles":["ImageWithFallback Component"],"fullName":"ImageWithFallback Component forwards other props to img element","status":"passed","title":"forwards other props to img element","duration":1.4107919999999012,"failureMessages":[],"meta":{}},{"ancestorTitles":["ImageWithFallback Component"],"fullName":"ImageWithFallback Component handles null src gracefully","status":"passed","title":"handles null src gracefully","duration":0.98700000000008,"failureMessages":[],"meta":{}}],"startTime":1759121921419,"endTime":1759121921462.987,"status":"passed","message":"","name":"/Users/dinkark/Documents/AI-Talentica/AI Native M2/BookVerse/book-review-frontend/src/components/__tests__/ImageWithFallback.test.tsx"},{"assertionResults":[{"ancestorTitles":["Layout Component"],"fullName":"Layout Component renders children within layout structure","status":"passed","title":"renders children within layout structure","duration":28.996083,"failureMessages":[],"meta":{}},{"ancestorTitles":["Layout Component"],"fullName":"Layout Component has proper structure classes","status":"passed","title":"has proper structure classes","duration":1.4642080000000988,"failureMessages":[],"meta":{}},{"ancestorTitles":["Layout Component"],"fullName":"Layout Component renders main content area with children","status":"passed","title":"renders main content area with children","duration":1.2017499999999472,"failureMessages":[],"meta":{}}],"startTime":1759121923344,"endTime":1759121923375.2017,"status":"passed","message":"","name":"/Users/dinkark/Documents/AI-Talentica/AI Native M2/BookVerse/book-review-frontend/src/components/__tests__/Layout.test.tsx"},{"assertionResults":[{"ancestorTitles":["Navbar - Coverage Tests"],"fullName":"Navbar - Coverage Tests covers authenticated user state with Profile and Logout","status":"passed","title":"covers authenticated user state with Profile and Logout","duration":48.87295800000015,"failureMessages":[],"meta":{}},{"ancestorTitles":["Navbar - Coverage Tests"],"fullName":"Navbar - Coverage Tests covers logout functionality with navigation and toast","status":"passed","title":"covers logout functionality with navigation and toast","duration":135.779542,"failureMessages":[],"meta":{}},{"ancestorTitles":["Navbar - Coverage Tests"],"fullName":"Navbar - Coverage Tests covers unauthenticated user state with Login and Signup","status":"passed","title":"covers unauthenticated user state with Login and Signup","duration":4.223583999999846,"failureMessages":[],"meta":{}},{"ancestorTitles":["Navbar - Coverage Tests"],"fullName":"Navbar - Coverage Tests covers NavLinkItem component with active state","status":"passed","title":"covers NavLinkItem component with active state","duration":8.095415999999886,"failureMessages":[],"meta":{}},{"ancestorTitles":["Navbar - Coverage Tests"],"fullName":"Navbar - Coverage Tests covers NavLinkItem component with inactive state","status":"passed","title":"covers NavLinkItem component with inactive state","duration":11.903250000000071,"failureMessages":[],"meta":{}},{"ancestorTitles":["Navbar - Coverage Tests"],"fullName":"Navbar - Coverage Tests covers all navigation links and their hrefs","status":"passed","title":"covers all navigation links and their hrefs","duration":16.03104099999996,"failureMessages":[],"meta":{}},{"ancestorTitles":["Navbar - Coverage Tests"],"fullName":"Navbar - Coverage Tests covers signup link for unauthenticated users","status":"passed","title":"covers signup link for unauthenticated users","duration":7.526458999999932,"failureMessages":[],"meta":{}},{"ancestorTitles":["Navbar - Coverage Tests"],"fullName":"Navbar - Coverage Tests covers brand link navigation","status":"passed","title":"covers brand link navigation","duration":22.384625000000142,"failureMessages":[],"meta":{}},{"ancestorTitles":["Navbar - Coverage Tests"],"fullName":"Navbar - Coverage Tests covers tagline rendering on desktop","status":"passed","title":"covers tagline rendering on desktop","duration":45.52012500000001,"failureMessages":[],"meta":{}},{"ancestorTitles":["Navbar - Coverage Tests"],"fullName":"Navbar - Coverage Tests covers accessibility attributes","status":"passed","title":"covers accessibility attributes","duration":11.773374999999987,"failureMessages":[],"meta":{}}],"startTime":1759121918157,"endTime":1759121918468.7734,"status":"passed","message":"","name":"/Users/dinkark/Documents/AI-Talentica/AI Native M2/BookVerse/book-review-frontend/src/components/__tests__/Navbar.coverage.test.tsx"},{"assertionResults":[{"ancestorTitles":["Navbar Component"],"fullName":"Navbar Component renders without crashing","status":"passed","title":"renders without crashing","duration":34.011625000000095,"failureMessages":[],"meta":{}},{"ancestorTitles":["Navbar Component"],"fullName":"Navbar Component shows navigation links","status":"passed","title":"shows navigation links","duration":17.63387499999999,"failureMessages":[],"meta":{}}],"startTime":1759121921921,"endTime":1759121921972.6338,"status":"passed","message":"","name":"/Users/dinkark/Documents/AI-Talentica/AI Native M2/BookVerse/book-review-frontend/src/components/__tests__/Navbar.simple.test.tsx"},{"assertionResults":[{"ancestorTitles":["ProtectedRoute Component"],"fullName":"ProtectedRoute Component returns null when initializing","status":"passed","title":"returns null when initializing","duration":12.655334000000039,"failureMessages":[],"meta":{}},{"ancestorTitles":["ProtectedRoute Component"],"fullName":"ProtectedRoute Component redirects to login when user is not authenticated","status":"passed","title":"redirects to login when user is not authenticated","duration":8.927207999999837,"failureMessages":[],"meta":{}},{"ancestorTitles":["ProtectedRoute Component"],"fullName":"ProtectedRoute Component redirects to custom route when specified","status":"passed","title":"redirects to custom route when specified","duration":1.4249159999999392,"failureMessages":[],"meta":{}},{"ancestorTitles":["ProtectedRoute Component"],"fullName":"ProtectedRoute Component renders Outlet when user is authenticated","status":"passed","title":"renders Outlet when user is authenticated","duration":1.066000000000031,"failureMessages":[],"meta":{}}],"startTime":1759121920052,"endTime":1759121920076.066,"status":"passed","message":"","name":"/Users/dinkark/Documents/AI-Talentica/AI Native M2/BookVerse/book-review-frontend/src/components/__tests__/ProtectedRoute.test.tsx"},{"assertionResults":[{"ancestorTitles":["RatingDistribution Component"],"fullName":"RatingDistribution Component returns null when no ratings provided","status":"passed","title":"returns null when no ratings provided","duration":14.932792000000063,"failureMessages":[],"meta":{}},{"ancestorTitles":["RatingDistribution Component"],"fullName":"RatingDistribution Component renders all star buckets from 5 to 1","status":"passed","title":"renders all star buckets from 5 to 1","duration":24.629417000000103,"failureMessages":[],"meta":{}},{"ancestorTitles":["RatingDistribution Component"],"fullName":"RatingDistribution Component calculates percentages correctly","status":"passed","title":"calculates percentages correctly","duration":3.6964580000001206,"failureMessages":[],"meta":{}},{"ancestorTitles":["RatingDistribution Component"],"fullName":"RatingDistribution Component applies custom className","status":"passed","title":"applies custom className","duration":2.821374999999989,"failureMessages":[],"meta":{}},{"ancestorTitles":["RatingDistribution Component"],"fullName":"RatingDistribution Component renders correct number of rating bars","status":"passed","title":"renders correct number of rating bars","duration":3.1056250000001455,"failureMessages":[],"meta":{}},{"ancestorTitles":["RatingDistribution Component"],"fullName":"RatingDistribution Component handles single rating correctly","status":"passed","title":"handles single rating correctly","duration":2.709792000000107,"failureMessages":[],"meta":{}},{"ancestorTitles":["RatingDistribution Component"],"fullName":"RatingDistribution Component renders progress bars with correct structure","status":"passed","title":"renders progress bars with correct structure","duration":3.810416999999916,"failureMessages":[],"meta":{}}],"startTime":1759121921390,"endTime":1759121921445.8103,"status":"passed","message":"","name":"/Users/dinkark/Documents/AI-Talentica/AI Native M2/BookVerse/book-review-frontend/src/components/__tests__/RatingDistribution.test.tsx"},{"assertionResults":[{"ancestorTitles":["ReviewForm - Coverage Tests"],"fullName":"ReviewForm - Coverage Tests handles localStorage getItem errors gracefully","status":"passed","title":"handles localStorage getItem errors gracefully","duration":97.803584,"failureMessages":[],"meta":{}},{"ancestorTitles":["ReviewForm - Coverage Tests"],"fullName":"ReviewForm - Coverage Tests covers setDraftReview with empty content removal path","status":"passed","title":"covers setDraftReview with empty content removal path","duration":458.7222499999998,"failureMessages":[],"meta":{}},{"ancestorTitles":["ReviewForm - Coverage Tests"],"fullName":"ReviewForm - Coverage Tests covers rating validation path","status":"passed","title":"covers rating validation path","duration":10.508249999999862,"failureMessages":[],"meta":{}},{"ancestorTitles":["ReviewForm - Coverage Tests"],"fullName":"ReviewForm - Coverage Tests covers content validation path","status":"passed","title":"covers content validation path","duration":24.156208999999762,"failureMessages":[],"meta":{}},{"ancestorTitles":["ReviewForm - Coverage Tests"],"fullName":"ReviewForm - Coverage Tests covers both rating and content validation success","status":"passed","title":"covers both rating and content validation success","duration":24.954833000000235,"failureMessages":[],"meta":{}},{"ancestorTitles":["ReviewForm - Coverage Tests"],"fullName":"ReviewForm - Coverage Tests covers localStorage setItem when user is authenticated","status":"passed","title":"covers localStorage setItem when user is authenticated","duration":415.736167,"failureMessages":[],"meta":{}},{"ancestorTitles":["ReviewForm - Coverage Tests"],"fullName":"ReviewForm - Coverage Tests covers no draft saving when user is not authenticated","status":"passed","title":"covers no draft saving when user is not authenticated","duration":5.38129200000003,"failureMessages":[],"meta":{}},{"ancestorTitles":["ReviewForm - Coverage Tests"],"fullName":"ReviewForm - Coverage Tests covers successful form submission path","status":"passed","title":"covers successful form submission path","duration":23.952291999999943,"failureMessages":[],"meta":{}},{"ancestorTitles":["ReviewForm - Coverage Tests"],"fullName":"ReviewForm - Coverage Tests covers API error handling during submission","status":"passed","title":"covers API error handling during submission","duration":24.400374999999713,"failureMessages":[],"meta":{}},{"ancestorTitles":["ReviewForm - Coverage Tests"],"fullName":"ReviewForm - Coverage Tests covers generic API error handling","status":"passed","title":"covers generic API error handling","duration":27.231124999999793,"failureMessages":[],"meta":{}},{"ancestorTitles":["ReviewForm - Coverage Tests"],"fullName":"ReviewForm - Coverage Tests covers draft loading from localStorage on mount","status":"passed","title":"covers draft loading from localStorage on mount","duration":5.645917000000281,"failureMessages":[],"meta":{}},{"ancestorTitles":["ReviewForm - Coverage Tests"],"fullName":"ReviewForm - Coverage Tests covers malformed localStorage data handling","status":"passed","title":"covers malformed localStorage data handling","duration":3.854207999999744,"failureMessages":[],"meta":{}},{"ancestorTitles":["ReviewForm - Coverage Tests"],"fullName":"ReviewForm - Coverage Tests covers localStorage setItem error handling","status":"passed","title":"covers localStorage setItem error handling","duration":4.329707999999755,"failureMessages":[],"meta":{}},{"ancestorTitles":["ReviewForm - Coverage Tests"],"fullName":"ReviewForm - Coverage Tests covers custom className application","status":"passed","title":"covers custom className application","duration":3.3263750000000982,"failureMessages":[],"meta":{}},{"ancestorTitles":["ReviewForm - Coverage Tests"],"fullName":"ReviewForm - Coverage Tests covers form reset after successful submission","status":"passed","title":"covers form reset after successful submission","duration":23.665667000000212,"failureMessages":[],"meta":{}}],"startTime":1759121918240,"endTime":1759121919394.6658,"status":"passed","message":"","name":"/Users/dinkark/Documents/AI-Talentica/AI Native M2/BookVerse/book-review-frontend/src/components/__tests__/ReviewForm.coverage.test.tsx"},{"assertionResults":[{"ancestorTitles":["ReviewForm Comprehensive Tests"],"fullName":"ReviewForm Comprehensive Tests shows login message when user is not authenticated","status":"passed","title":"shows login message when user is not authenticated","duration":32.49812500000007,"failureMessages":[],"meta":{}},{"ancestorTitles":["ReviewForm Comprehensive Tests"],"fullName":"ReviewForm Comprehensive Tests renders form with star rating and textarea when authenticated","status":"passed","title":"renders form with star rating and textarea when authenticated","duration":109.38137499999993,"failureMessages":[],"meta":{}},{"ancestorTitles":["ReviewForm Comprehensive Tests"],"fullName":"ReviewForm Comprehensive Tests updates rating when star is clicked","status":"passed","title":"updates rating when star is clicked","duration":11.329416999999921,"failureMessages":[],"meta":{}},{"ancestorTitles":["ReviewForm Comprehensive Tests"],"fullName":"ReviewForm Comprehensive Tests updates content when textarea is changed","status":"passed","title":"updates content when textarea is changed","duration":5.100832999999966,"failureMessages":[],"meta":{}},{"ancestorTitles":["ReviewForm Comprehensive Tests"],"fullName":"ReviewForm Comprehensive Tests disables submit button when rating or content is missing","status":"failed","title":"disables submit button when rating or content is missing","duration":37.26695900000004,"failureMessages":["TestingLibraryElementError: Unable to find an element with the text: Submit Review. This could be because the text is broken up by multiple elements. In this case, you can provide a function for your text matcher to make your matcher more flexible.\n\nIgnored nodes: comments, script, style\n\u001b[36m<body>\u001b[39m\n  \u001b[36m<div>\u001b[39m\n    \u001b[36m<form\u001b[39m\n      \u001b[33mclass\u001b[39m=\u001b[32m\"space-y-4\"\u001b[39m\n    \u001b[36m>\u001b[39m\n      \u001b[36m<div\u001b[39m\n        \u001b[33mclass\u001b[39m=\u001b[32m\"flex items-center gap-2\"\u001b[39m\n      \u001b[36m>\u001b[39m\n        \u001b[36m<button\u001b[39m\n          \u001b[33maria-label\u001b[39m=\u001b[32m\"Rate 1 star\"\u001b[39m\n          \u001b[33mclass\u001b[39m=\u001b[32m\"text-xl transition-colors text-muted-foreground hover:text-foreground\"\u001b[39m\n          \u001b[33mtype\u001b[39m=\u001b[32m\"button\"\u001b[39m\n        \u001b[36m>\u001b[39m\n          \u001b[0m☆\u001b[0m\n        \u001b[36m</button>\u001b[39m\n        \u001b[36m<button\u001b[39m\n          \u001b[33maria-label\u001b[39m=\u001b[32m\"Rate 2 stars\"\u001b[39m\n          \u001b[33mclass\u001b[39m=\u001b[32m\"text-xl transition-colors text-muted-foreground hover:text-foreground\"\u001b[39m\n          \u001b[33mtype\u001b[39m=\u001b[32m\"button\"\u001b[39m\n        \u001b[36m>\u001b[39m\n          \u001b[0m☆\u001b[0m\n        \u001b[36m</button>\u001b[39m\n        \u001b[36m<button\u001b[39m\n          \u001b[33maria-label\u001b[39m=\u001b[32m\"Rate 3 stars\"\u001b[39m\n          \u001b[33mclass\u001b[39m=\u001b[32m\"text-xl transition-colors text-muted-foreground hover:text-foreground\"\u001b[39m\n          \u001b[33mtype\u001b[39m=\u001b[32m\"button\"\u001b[39m\n        \u001b[36m>\u001b[39m\n          \u001b[0m☆\u001b[0m\n        \u001b[36m</button>\u001b[39m\n        \u001b[36m<button\u001b[39m\n          \u001b[33maria-label\u001b[39m=\u001b[32m\"Rate 4 stars\"\u001b[39m\n          \u001b[33mclass\u001b[39m=\u001b[32m\"text-xl transition-colors text-muted-foreground hover:text-foreground\"\u001b[39m\n          \u001b[33mtype\u001b[39m=\u001b[32m\"button\"\u001b[39m\n        \u001b[36m>\u001b[39m\n          \u001b[0m☆\u001b[0m\n        \u001b[36m</button>\u001b[39m\n        \u001b[36m<button\u001b[39m\n          \u001b[33maria-label\u001b[39m=\u001b[32m\"Rate 5 stars\"\u001b[39m\n          \u001b[33mclass\u001b[39m=\u001b[32m\"text-xl transition-colors text-muted-foreground hover:text-foreground\"\u001b[39m\n          \u001b[33mtype\u001b[39m=\u001b[32m\"button\"\u001b[39m\n        \u001b[36m>\u001b[39m\n          \u001b[0m☆\u001b[0m\n        \u001b[36m</button>\u001b[39m\n      \u001b[36m</div>\u001b[39m\n      \u001b[36m<div>\u001b[39m\n        \u001b[36m<textarea\u001b[39m\n          \u001b[33mclass\u001b[39m=\u001b[32m\"w-full resize-none rounded-md border bg-background px-3 py-2 text-sm focus:outline-none focus:ring-2 focus:ring-sky-500\"\u001b[39m\n          \u001b[33mplaceholder\u001b[39m=\u001b[32m\"Share your thoughts about this book...\"\u001b[39m\n          \u001b[33mrequired\u001b[39m=\u001b[32m\"\"\u001b[39m\n          \u001b[33mrows\u001b[39m=\u001b[32m\"4\"\u001b[39m\n        \u001b[36m/>\u001b[39m\n      \u001b[36m</div>\u001b[39m\n      \u001b[36m<div\u001b[39m\n        \u001b[33mclass\u001b[39m=\u001b[32m\"flex justify-end\"\u001b[39m\n      \u001b[36m>\u001b[39m\n        \u001b[36m<button\u001b[39m\n          \u001b[33mclass\u001b[39m=\u001b[32m\"inline-flex items-center justify-center whitespace-nowrap rounded-md text-sm font-medium transition-colors focus-visible:outline-none focus-visible:ring-2 focus-visible:ring-sky-500 disabled:pointer-events-none disabled:opacity-50 active:scale-[0.97] bg-sky-600 text-white hover:bg-sky-500 h-8 px-3\"\u001b[39m\n          \u001b[33mdisabled\u001b[39m=\u001b[32m\"\"\u001b[39m\n          \u001b[33mtype\u001b[39m=\u001b[32m\"submit\"\u001b[39m\n        \u001b[36m>\u001b[39m\n          \u001b[36m<span\u001b[39m\n            \u001b[33mclass\u001b[39m=\u001b[32m\"inline-flex items-center gap-2\"\u001b[39m\n          \u001b[36m>\u001b[39m\n            \u001b[0mPost Review\u001b[0m\n          \u001b[36m</span>\u001b[39m\n        \u001b[36m</button>\u001b[39m\n      \u001b[36m</div>\u001b[39m\n    \u001b[36m</form>\u001b[39m\n  \u001b[36m</div>\u001b[39m\n\u001b[36m</body>\u001b[39m\n    at Object.getElementError (/Users/dinkark/Documents/AI-Talentica/AI Native M2/BookVerse/book-review-frontend/node_modules/@testing-library/dom/dist/config.js:37:19)\n    at /Users/dinkark/Documents/AI-Talentica/AI Native M2/BookVerse/book-review-frontend/node_modules/@testing-library/dom/dist/query-helpers.js:76:38\n    at /Users/dinkark/Documents/AI-Talentica/AI Native M2/BookVerse/book-review-frontend/node_modules/@testing-library/dom/dist/query-helpers.js:52:17\n    at /Users/dinkark/Documents/AI-Talentica/AI Native M2/BookVerse/book-review-frontend/node_modules/@testing-library/dom/dist/query-helpers.js:95:19\n    at /Users/dinkark/Documents/AI-Talentica/AI Native M2/BookVerse/book-review-frontend/src/components/__tests__/ReviewForm.interactions.test.tsx:118:19\n    at file:///Users/dinkark/Documents/AI-Talentica/AI%20Native%20M2/BookVerse/book-review-frontend/node_modules/@vitest/runner/dist/chunk-hooks.js:155:11\n    at file:///Users/dinkark/Documents/AI-Talentica/AI%20Native%20M2/BookVerse/book-review-frontend/node_modules/@vitest/runner/dist/chunk-hooks.js:752:26\n    at file:///Users/dinkark/Documents/AI-Talentica/AI%20Native%20M2/BookVerse/book-review-frontend/node_modules/@vitest/runner/dist/chunk-hooks.js:1897:20\n    at new Promise (<anonymous>)\n    at runWithTimeout (file:///Users/dinkark/Documents/AI-Talentica/AI%20Native%20M2/BookVerse/book-review-frontend/node_modules/@vitest/runner/dist/chunk-hooks.js:1863:10)"],"meta":{}},{"ancestorTitles":["ReviewForm Comprehensive Tests"],"fullName":"ReviewForm Comprehensive Tests submits form successfully","status":"passed","title":"submits form successfully","duration":23.1087500000001,"failureMessages":[],"meta":{}},{"ancestorTitles":["ReviewForm Comprehensive Tests"],"fullName":"ReviewForm Comprehensive Tests resets form after successful submission","status":"passed","title":"resets form after successful submission","duration":33.62733299999991,"failureMessages":[],"meta":{}},{"ancestorTitles":["ReviewForm Comprehensive Tests"],"fullName":"ReviewForm Comprehensive Tests handles API errors during submission","status":"passed","title":"handles API errors during submission","duration":12.626291000000037,"failureMessages":[],"meta":{}},{"ancestorTitles":["ReviewForm Comprehensive Tests"],"fullName":"ReviewForm Comprehensive Tests handles generic API errors","status":"passed","title":"handles generic API errors","duration":9.38733400000001,"failureMessages":[],"meta":{}},{"ancestorTitles":["ReviewForm Comprehensive Tests"],"fullName":"ReviewForm Comprehensive Tests loads draft from localStorage","status":"passed","title":"loads draft from localStorage","duration":3.5128749999998945,"failureMessages":[],"meta":{}},{"ancestorTitles":["ReviewForm Comprehensive Tests"],"fullName":"ReviewForm Comprehensive Tests handles malformed localStorage data gracefully","status":"passed","title":"handles malformed localStorage data gracefully","duration":1.909249999999929,"failureMessages":[],"meta":{}},{"ancestorTitles":["ReviewForm Comprehensive Tests"],"fullName":"ReviewForm Comprehensive Tests saves draft to localStorage when user is authenticated","status":"passed","title":"saves draft to localStorage when user is authenticated","duration":417.6989159999998,"failureMessages":[],"meta":{}},{"ancestorTitles":["ReviewForm Comprehensive Tests"],"fullName":"ReviewForm Comprehensive Tests removes draft when content is empty","status":"passed","title":"removes draft when content is empty","duration":412.75479099999984,"failureMessages":[],"meta":{}},{"ancestorTitles":["ReviewForm Comprehensive Tests"],"fullName":"ReviewForm Comprehensive Tests does not save draft when user is not authenticated","status":"passed","title":"does not save draft when user is not authenticated","duration":502.589833,"failureMessages":[],"meta":{}},{"ancestorTitles":["ReviewForm Comprehensive Tests"],"fullName":"ReviewForm Comprehensive Tests shows loading state during submission","status":"failed","title":"shows loading state during submission","duration":5.069666999999754,"failureMessages":["TestingLibraryElementError: Unable to find a label with the text of: 4 stars\n\nIgnored nodes: comments, script, style\n\u001b[36m<body>\u001b[39m\n  \u001b[36m<div>\u001b[39m\n    \u001b[36m<form\u001b[39m\n      \u001b[33mclass\u001b[39m=\u001b[32m\"space-y-4\"\u001b[39m\n    \u001b[36m>\u001b[39m\n      \u001b[36m<div\u001b[39m\n        \u001b[33mclass\u001b[39m=\u001b[32m\"flex items-center gap-2\"\u001b[39m\n      \u001b[36m>\u001b[39m\n        \u001b[36m<button\u001b[39m\n          \u001b[33maria-label\u001b[39m=\u001b[32m\"Rate 1 star\"\u001b[39m\n          \u001b[33mclass\u001b[39m=\u001b[32m\"text-xl transition-colors text-muted-foreground hover:text-foreground\"\u001b[39m\n          \u001b[33mtype\u001b[39m=\u001b[32m\"button\"\u001b[39m\n        \u001b[36m>\u001b[39m\n          \u001b[0m☆\u001b[0m\n        \u001b[36m</button>\u001b[39m\n        \u001b[36m<button\u001b[39m\n          \u001b[33maria-label\u001b[39m=\u001b[32m\"Rate 2 stars\"\u001b[39m\n          \u001b[33mclass\u001b[39m=\u001b[32m\"text-xl transition-colors text-muted-foreground hover:text-foreground\"\u001b[39m\n          \u001b[33mtype\u001b[39m=\u001b[32m\"button\"\u001b[39m\n        \u001b[36m>\u001b[39m\n          \u001b[0m☆\u001b[0m\n        \u001b[36m</button>\u001b[39m\n        \u001b[36m<button\u001b[39m\n          \u001b[33maria-label\u001b[39m=\u001b[32m\"Rate 3 stars\"\u001b[39m\n          \u001b[33mclass\u001b[39m=\u001b[32m\"text-xl transition-colors text-muted-foreground hover:text-foreground\"\u001b[39m\n          \u001b[33mtype\u001b[39m=\u001b[32m\"button\"\u001b[39m\n        \u001b[36m>\u001b[39m\n          \u001b[0m☆\u001b[0m\n        \u001b[36m</button>\u001b[39m\n        \u001b[36m<button\u001b[39m\n          \u001b[33maria-label\u001b[39m=\u001b[32m\"Rate 4 stars\"\u001b[39m\n          \u001b[33mclass\u001b[39m=\u001b[32m\"text-xl transition-colors text-muted-foreground hover:text-foreground\"\u001b[39m\n          \u001b[33mtype\u001b[39m=\u001b[32m\"button\"\u001b[39m\n        \u001b[36m>\u001b[39m\n          \u001b[0m☆\u001b[0m\n        \u001b[36m</button>\u001b[39m\n        \u001b[36m<button\u001b[39m\n          \u001b[33maria-label\u001b[39m=\u001b[32m\"Rate 5 stars\"\u001b[39m\n          \u001b[33mclass\u001b[39m=\u001b[32m\"text-xl transition-colors text-muted-foreground hover:text-foreground\"\u001b[39m\n          \u001b[33mtype\u001b[39m=\u001b[32m\"button\"\u001b[39m\n        \u001b[36m>\u001b[39m\n          \u001b[0m☆\u001b[0m\n        \u001b[36m</button>\u001b[39m\n      \u001b[36m</div>\u001b[39m\n      \u001b[36m<div>\u001b[39m\n        \u001b[36m<textarea\u001b[39m\n          \u001b[33mclass\u001b[39m=\u001b[32m\"w-full resize-none rounded-md border bg-background px-3 py-2 text-sm focus:outline-none focus:ring-2 focus:ring-sky-500\"\u001b[39m\n          \u001b[33mplaceholder\u001b[39m=\u001b[32m\"Share your thoughts about this book...\"\u001b[39m\n          \u001b[33mrequired\u001b[39m=\u001b[32m\"\"\u001b[39m\n          \u001b[33mrows\u001b[39m=\u001b[32m\"4\"\u001b[39m\n        \u001b[36m/>\u001b[39m\n      \u001b[36m</div>\u001b[39m\n      \u001b[36m<div\u001b[39m\n        \u001b[33mclass\u001b[39m=\u001b[32m\"flex justify-end\"\u001b[39m\n      \u001b[36m>\u001b[39m\n        \u001b[36m<button\u001b[39m\n          \u001b[33mclass\u001b[39m=\u001b[32m\"inline-flex items-center justify-center whitespace-nowrap rounded-md text-sm font-medium transition-colors focus-visible:outline-none focus-visible:ring-2 focus-visible:ring-sky-500 disabled:pointer-events-none disabled:opacity-50 active:scale-[0.97] bg-sky-600 text-white hover:bg-sky-500 h-8 px-3\"\u001b[39m\n          \u001b[33mdisabled\u001b[39m=\u001b[32m\"\"\u001b[39m\n          \u001b[33mtype\u001b[39m=\u001b[32m\"submit\"\u001b[39m\n        \u001b[36m>\u001b[39m\n          \u001b[36m<span\u001b[39m\n            \u001b[33mclass\u001b[39m=\u001b[32m\"inline-flex items-center gap-2\"\u001b[39m\n          \u001b[36m>\u001b[39m\n            \u001b[0mPost Review\u001b[0m\n          \u001b[36m</span>\u001b[39m\n        \u001b[36m</button>\u001b[39m\n      \u001b[36m</div>\u001b[39m\n    \u001b[36m</form>\u001b[39m\n  \u001b[36m</div>\u001b[39m\n\u001b[36m</body>\u001b[39m\n    at Object.getElementError (/Users/dinkark/Documents/AI-Talentica/AI Native M2/BookVerse/book-review-frontend/node_modules/@testing-library/dom/dist/config.js:37:19)\n    at getAllByLabelText (/Users/dinkark/Documents/AI-Talentica/AI Native M2/BookVerse/book-review-frontend/node_modules/@testing-library/dom/dist/queries/label-text.js:111:38)\n    at /Users/dinkark/Documents/AI-Talentica/AI Native M2/BookVerse/book-review-frontend/node_modules/@testing-library/dom/dist/query-helpers.js:52:17\n    at /Users/dinkark/Documents/AI-Talentica/AI Native M2/BookVerse/book-review-frontend/node_modules/@testing-library/dom/dist/query-helpers.js:95:19\n    at /Users/dinkark/Documents/AI-Talentica/AI Native M2/BookVerse/book-review-frontend/src/components/__tests__/ReviewForm.interactions.test.tsx:296:31\n    at file:///Users/dinkark/Documents/AI-Talentica/AI%20Native%20M2/BookVerse/book-review-frontend/node_modules/@vitest/runner/dist/chunk-hooks.js:155:11\n    at file:///Users/dinkark/Documents/AI-Talentica/AI%20Native%20M2/BookVerse/book-review-frontend/node_modules/@vitest/runner/dist/chunk-hooks.js:752:26\n    at file:///Users/dinkark/Documents/AI-Talentica/AI%20Native%20M2/BookVerse/book-review-frontend/node_modules/@vitest/runner/dist/chunk-hooks.js:1897:20\n    at new Promise (<anonymous>)\n    at runWithTimeout (file:///Users/dinkark/Documents/AI-Talentica/AI%20Native%20M2/BookVerse/book-review-frontend/node_modules/@vitest/runner/dist/chunk-hooks.js:1863:10)"],"meta":{}},{"ancestorTitles":["ReviewForm Comprehensive Tests"],"fullName":"ReviewForm Comprehensive Tests handles localStorage setItem errors gracefully","status":"passed","title":"handles localStorage setItem errors gracefully","duration":4.203125,"failureMessages":[],"meta":{}},{"ancestorTitles":["ReviewForm Comprehensive Tests"],"fullName":"ReviewForm Comprehensive Tests applies custom className","status":"passed","title":"applies custom className","duration":2.311541000000034,"failureMessages":[],"meta":{}},{"ancestorTitles":["ReviewForm Comprehensive Tests"],"fullName":"ReviewForm Comprehensive Tests renders form element correctly","status":"passed","title":"renders form element correctly","duration":4.454250000000229,"failureMessages":[],"meta":{}}],"startTime":1759121918197,"endTime":1759121919825.4543,"status":"failed","message":"","name":"/Users/dinkark/Documents/AI-Talentica/AI Native M2/BookVerse/book-review-frontend/src/components/__tests__/ReviewForm.interactions.test.tsx"},{"assertionResults":[{"ancestorTitles":["ReviewForm Component"],"fullName":"ReviewForm Component renders the review form","status":"passed","title":"renders the review form","duration":123.12808299999983,"failureMessages":[],"meta":{}},{"ancestorTitles":["ReviewForm Component"],"fullName":"ReviewForm Component shows star rating buttons","status":"passed","title":"shows star rating buttons","duration":5.817583000000013,"failureMessages":[],"meta":{}},{"ancestorTitles":["ReviewForm Component"],"fullName":"ReviewForm Component allows rating selection","status":"passed","title":"allows rating selection","duration":9.483707999999979,"failureMessages":[],"meta":{}},{"ancestorTitles":["ReviewForm Component"],"fullName":"ReviewForm Component handles text input","status":"passed","title":"handles text input","duration":20.862040999999863,"failureMessages":[],"meta":{}},{"ancestorTitles":["ReviewForm Component"],"fullName":"ReviewForm Component shows login prompt when user not authenticated","status":"passed","title":"shows login prompt when user not authenticated","duration":13.457124999999905,"failureMessages":[],"meta":{}}],"startTime":1759121919666,"endTime":1759121919838.457,"status":"passed","message":"","name":"/Users/dinkark/Documents/AI-Talentica/AI Native M2/BookVerse/book-review-frontend/src/components/__tests__/ReviewForm.simple.test.tsx"},{"assertionResults":[{"ancestorTitles":["ReviewsList - Coverage Tests"],"fullName":"ReviewsList - Coverage Tests renders empty state when no reviews","status":"passed","title":"renders empty state when no reviews","duration":25.89108299999998,"failureMessages":[],"meta":{}},{"ancestorTitles":["ReviewsList - Coverage Tests"],"fullName":"ReviewsList - Coverage Tests applies custom className to empty state","status":"passed","title":"applies custom className to empty state","duration":1.368249999999989,"failureMessages":[],"meta":{}},{"ancestorTitles":["ReviewsList - Coverage Tests"],"fullName":"ReviewsList - Coverage Tests shows edit and delete buttons for own reviews","status":"passed","title":"shows edit and delete buttons for own reviews","duration":44.71245799999997,"failureMessages":[],"meta":{}},{"ancestorTitles":["ReviewsList - Coverage Tests"],"fullName":"ReviewsList - Coverage Tests starts edit mode when edit button clicked","status":"passed","title":"starts edit mode when edit button clicked","duration":99.4889999999998,"failureMessages":[],"meta":{}},{"ancestorTitles":["ReviewsList - Coverage Tests"],"fullName":"ReviewsList - Coverage Tests cancels edit mode when cancel button clicked","status":"passed","title":"cancels edit mode when cancel button clicked","duration":10.086749999999938,"failureMessages":[],"meta":{}},{"ancestorTitles":["ReviewsList - Coverage Tests"],"fullName":"ReviewsList - Coverage Tests saves edit successfully","status":"passed","title":"saves edit successfully","duration":37.63087500000006,"failureMessages":[],"meta":{}},{"ancestorTitles":["ReviewsList - Coverage Tests"],"fullName":"ReviewsList - Coverage Tests handles save edit without onUpdate callback","status":"passed","title":"handles save edit without onUpdate callback","duration":12.461749999999938,"failureMessages":[],"meta":{}},{"ancestorTitles":["ReviewsList - Coverage Tests"],"fullName":"ReviewsList - Coverage Tests does not save when text is empty","status":"passed","title":"does not save when text is empty","duration":12.049666000000116,"failureMessages":[],"meta":{}},{"ancestorTitles":["ReviewsList - Coverage Tests"],"fullName":"ReviewsList - Coverage Tests does not save when rating is zero","status":"passed","title":"does not save when rating is zero","duration":10.413332999999966,"failureMessages":[],"meta":{}},{"ancestorTitles":["ReviewsList - Coverage Tests"],"fullName":"ReviewsList - Coverage Tests handles save edit error","status":"passed","title":"handles save edit error","duration":11.133916,"failureMessages":[],"meta":{}},{"ancestorTitles":["ReviewsList - Coverage Tests"],"fullName":"ReviewsList - Coverage Tests handles save edit error without message","status":"passed","title":"handles save edit error without message","duration":10.328375000000051,"failureMessages":[],"meta":{}},{"ancestorTitles":["ReviewsList - Coverage Tests"],"fullName":"ReviewsList - Coverage Tests deletes review when confirmed","status":"passed","title":"deletes review when confirmed","duration":5.885915999999952,"failureMessages":[],"meta":{}},{"ancestorTitles":["ReviewsList - Coverage Tests"],"fullName":"ReviewsList - Coverage Tests does not delete review when not confirmed","status":"passed","title":"does not delete review when not confirmed","duration":2.643459000000121,"failureMessages":[],"meta":{}},{"ancestorTitles":["ReviewsList - Coverage Tests"],"fullName":"ReviewsList - Coverage Tests handles delete error","status":"passed","title":"handles delete error","duration":5.200750000000198,"failureMessages":[],"meta":{}},{"ancestorTitles":["ReviewsList - Coverage Tests"],"fullName":"ReviewsList - Coverage Tests handles delete error without message","status":"passed","title":"handles delete error without message","duration":13.27033399999982,"failureMessages":[],"meta":{}},{"ancestorTitles":["ReviewsList - Coverage Tests"],"fullName":"ReviewsList - Coverage Tests disables buttons when operation is busy","status":"passed","title":"disables buttons when operation is busy","duration":6.638750000000073,"failureMessages":[],"meta":{}},{"ancestorTitles":["ReviewsList - Coverage Tests"],"fullName":"ReviewsList - Coverage Tests renders review with title when present","status":"passed","title":"renders review with title when present","duration":1.8130000000001019,"failureMessages":[],"meta":{}},{"ancestorTitles":["ReviewsList - Coverage Tests"],"fullName":"ReviewsList - Coverage Tests handles review without text content","status":"passed","title":"handles review without text content","duration":1.7514999999998508,"failureMessages":[],"meta":{}},{"ancestorTitles":["ReviewsList - Coverage Tests"],"fullName":"ReviewsList - Coverage Tests formats date correctly","status":"passed","title":"formats date correctly","duration":2.998790999999983,"failureMessages":[],"meta":{}}],"startTime":1759121918323,"endTime":1759121918637.9988,"status":"passed","message":"","name":"/Users/dinkark/Documents/AI-Talentica/AI Native M2/BookVerse/book-review-frontend/src/components/__tests__/ReviewsList.coverage.test.tsx"},{"assertionResults":[{"ancestorTitles":["ReviewsList Interaction Tests"],"fullName":"ReviewsList Interaction Tests enters edit mode when edit button is clicked","status":"passed","title":"enters edit mode when edit button is clicked","duration":162.321459,"failureMessages":[],"meta":{}},{"ancestorTitles":["ReviewsList Interaction Tests"],"fullName":"ReviewsList Interaction Tests cancels edit mode when cancel button is clicked","status":"passed","title":"cancels edit mode when cancel button is clicked","duration":16.58437499999991,"failureMessages":[],"meta":{}},{"ancestorTitles":["ReviewsList Interaction Tests"],"fullName":"ReviewsList Interaction Tests updates rating in edit mode","status":"passed","title":"updates rating in edit mode","duration":54.15154200000006,"failureMessages":[],"meta":{}},{"ancestorTitles":["ReviewsList Interaction Tests"],"fullName":"ReviewsList Interaction Tests updates text content in edit mode","status":"passed","title":"updates text content in edit mode","duration":13.749207999999953,"failureMessages":[],"meta":{}},{"ancestorTitles":["ReviewsList Interaction Tests"],"fullName":"ReviewsList Interaction Tests saves edit and calls onUpdate callback","status":"passed","title":"saves edit and calls onUpdate callback","duration":18.654666000000134,"failureMessages":[],"meta":{}},{"ancestorTitles":["ReviewsList Interaction Tests"],"fullName":"ReviewsList Interaction Tests calls onReload when save response has no data","status":"passed","title":"calls onReload when save response has no data","duration":12.498458000000028,"failureMessages":[],"meta":{}},{"ancestorTitles":["ReviewsList Interaction Tests"],"fullName":"ReviewsList Interaction Tests handles save edit API errors","status":"passed","title":"handles save edit API errors","duration":11.690624999999955,"failureMessages":[],"meta":{}},{"ancestorTitles":["ReviewsList Interaction Tests"],"fullName":"ReviewsList Interaction Tests does not save if rating or text is empty","status":"failed","title":"does not save if rating or text is empty","duration":1023.446958,"failureMessages":["Error: \u001b[2mexpect(\u001b[22m\u001b[31melement\u001b[39m\u001b[2m).toBeDisabled()\u001b[22m\n\nReceived element is not disabled:\n  \u001b[31m<span\n  class=\"inline-flex items-center gap-2\"\n/>\u001b[39m\n\nIgnored nodes: comments, script, style\n\u001b[36m<html>\u001b[39m\n  \u001b[36m<head />\u001b[39m\n  \u001b[36m<body>\u001b[39m\n    \u001b[36m<div>\u001b[39m\n      \u001b[36m<div\u001b[39m\n        \u001b[33mclass\u001b[39m=\u001b[32m\"space-y-6\"\u001b[39m\n      \u001b[36m>\u001b[39m\n        \u001b[36m<div\u001b[39m\n          \u001b[33mclass\u001b[39m=\u001b[32m\"rounded-md border p-4 bg-background/50 space-y-2\"\u001b[39m\n        \u001b[36m>\u001b[39m\n          \u001b[36m<div\u001b[39m\n            \u001b[33mclass\u001b[39m=\u001b[32m\"flex items-center justify-between gap-4\"\u001b[39m\n          \u001b[36m>\u001b[39m\n            \u001b[36m<div\u001b[39m\n              \u001b[33mclass\u001b[39m=\u001b[32m\"text-sm font-medium\"\u001b[39m\n            \u001b[36m>\u001b[39m\n              \u001b[0mTest User\u001b[0m\n            \u001b[36m</div>\u001b[39m\n            \u001b[36m<div\u001b[39m\n              \u001b[33mclass\u001b[39m=\u001b[32m\"flex items-center gap-2\"\u001b[39m\n            \u001b[36m>\u001b[39m\n              \u001b[36m<div\u001b[39m\n                \u001b[33mclass\u001b[39m=\u001b[32m\"flex items-center gap-1\"\u001b[39m\n              \u001b[36m>\u001b[39m\n                \u001b[36m<div\u001b[39m\n                  \u001b[33mclass\u001b[39m=\u001b[32m\"flex items-center\"\u001b[39m\n                \u001b[36m>\u001b[39m\n                  \u001b[36m<span\u001b[39m\n                    \u001b[33maria-hidden\u001b[39m=\u001b[32m\"true\"\u001b[39m\n                    \u001b[33mclass\u001b[39m=\u001b[32m\"text-[12px] text-yellow-500\"\u001b[39m\n                  \u001b[36m>\u001b[39m\n                    \u001b[0m★\u001b[0m\n                  \u001b[36m</span>\u001b[39m\n                  \u001b[36m<span\u001b[39m\n                    \u001b[33maria-hidden\u001b[39m=\u001b[32m\"true\"\u001b[39m\n                    \u001b[33mclass\u001b[39m=\u001b[32m\"text-[12px] text-yellow-500\"\u001b[39m\n                  \u001b[36m>\u001b[39m\n                    \u001b[0m★\u001b[0m\n                  \u001b[36m</span>\u001b[39m\n                  \u001b[36m<span\u001b[39m\n                    \u001b[33maria-hidden\u001b[39m=\u001b[32m\"true\"\u001b[39m\n                    \u001b[33mclass\u001b[39m=\u001b[32m\"text-[12px] text-yellow-500\"\u001b[39m\n                  \u001b[36m>\u001b[39m\n                    \u001b[0m★\u001b[0m\n                  \u001b[36m</span>\u001b[39m\n                  \u001b[36m<span\u001b[39m\n                    \u001b[33maria-hidden\u001b[39m=\u001b[32m\"true\"\u001b[39m\n                    \u001b[33mclass\u001b[39m=\u001b[32m\"text-[12px] text-yellow-500\"\u001b[39m\n                  \u001b[36m>\u001b[39m\n                    \u001b[0m★\u001b[0m\n                  \u001b[36m</span>\u001b[39m\n                  \u001b[36m<span\u001b[39m\n                    \u001b[33maria-hidden\u001b[39m=\u001b[32m\"true\"\u001b[39m\n                    \u001b[33mclass\u001b[39m=\u001b[32m\"text-[12px] text-yellow-500\"\u001b[39m\n                  \u001b[36m>\u001b[39m\n                    \u001b[0m★\u001b[0m\n                  \u001b[36m</span>\u001b[39m\n                \u001b[36m</div>\u001b[39m\n              \u001b[36m</div>\u001b[39m\n            \u001b[36m</div>\u001b[39m\n          \u001b[36m</div>\u001b[39m\n          \u001b[36m<div\u001b[39m\n            \u001b[33mclass\u001b[39m=\u001b[32m\"space-y-3\"\u001b[39m\n          \u001b[36m>\u001b[39m\n            \u001b[36m<div\u001b[39m\n              \u001b[33mclass\u001b[39m=\u001b[32m\"flex items-center gap-1\"\u001b[39m\n            \u001b[36m>\u001b[39m\n              \u001b[36m<button\u001b[39m\n                \u001b[33mclass\u001b[39m=\u001b[32m\"text-lg text-yellow-500\"\u001b[39m\n                \u001b[33mtype\u001b[39m=\u001b[32m\"button\"\u001b[39m\n              \u001b[36m>\u001b[39m\n                \u001b[0m★\u001b[0m\n              \u001b[36m</button>\u001b[39m\n              \u001b[36m<button\u001b[39m\n                \u001b[33mclass\u001b[39m=\u001b[32m\"text-lg text-yellow-500\"\u001b[39m\n                \u001b[33mtype\u001b[39m=\u001b[32m\"button\"\u001b[39m\n              \u001b[36m>\u001b[39m\n                \u001b[0m★\u001b[0m\n              \u001b[36m</button>\u001b[39m\n              \u001b[36m<button\u001b[39m\n                \u001b[33mclass\u001b[39m=\u001b[32m\"text-lg text-yellow-500\"\u001b[39m\n                \u001b[33mtype\u001b[39m=\u001b[32m\"button\"\u001b[39m\n              \u001b[36m>\u001b[39m\n                \u001b[0m★\u001b[0m\n              \u001b[36m</button>\u001b[39m\n              \u001b[36m<button\u001b[39m\n                \u001b[33mclass\u001b[39m=\u001b[32m\"text-lg text-yellow-500\"\u001b[39m\n                \u001b[33mtype\u001b[39m=\u001b[32m\"button\"\u001b[39m\n              \u001b[36m>\u001b[39m\n                \u001b[0m★\u001b[0m\n              \u001b[36m</button>\u001b[39m\n              \u001b[36m<button\u001b[39m\n                \u001b[33mclass\u001b[39m=\u001b[32m\"text-lg text-yellow-500\"\u001b[39m\n                \u001b[33mtype\u001b[39m=\u001b[32m\"button\"\u001b[39m\n              \u001b[36m>\u001b[39m\n                \u001b[0m★\u001b[0m\n              \u001b[36m</button>\u001b[39m\n            \u001b[36m</div>\u001b[39m\n            \u001b[36m<textarea\u001b[39m\n              \u001b[33mclass\u001b[39m=\u001b[32m\"w-full rounded-md border bg-background px-3 py-2 text-sm focus:outline-none focus:ring-2 focus:ring-sky-500\"\u001b[39m\n              \u001b[33mrows\u001b[39m=\u001b[32m\"4\"\u001b[39m\n            \u001b[36m/>\u001b[39m\n            \u001b[36m<div\u001b[39m\n              \u001b[33mclass\u001b[39m=\u001b[32m\"flex justify-end gap-2\"\u001b[39m\n            \u001b[36m>\u001b[39m\n              \u001b[36m<button\u001b[39m\n                \u001b[33mclass\u001b[39m=\u001b[32m\"inline-flex items-center justify-center whitespace-nowrap rounded-md text-sm font-medium transition-colors focus-visible:outline-none focus-visible:ring-2 focus-visible:ring-sky-500 disabled:pointer-events-none disabled:opacity-50 active:scale-[0.97] border border-slate-300 dark:border-slate-600 hover:bg-slate-50 dark:hover:bg-slate-800 h-8 px-3\"\u001b[39m\n              \u001b[36m>\u001b[39m\n                \u001b[36m<span\u001b[39m\n                  \u001b[33mclass\u001b[39m=\u001b[32m\"inline-flex items-center gap-2\"\u001b[39m\n                \u001b[36m>\u001b[39m\n                  \u001b[0mCancel\u001b[0m\n                \u001b[36m</span>\u001b[39m\n              \u001b[36m</button>\u001b[39m\n              \u001b[36m<button\u001b[39m\n                \u001b[33mclass\u001b[39m=\u001b[32m\"inline-flex items-center justify-center whitespace-nowrap rounded-md text-sm font-medium transition-colors focus-visible:outline-none focus-visible:ring-2 focus-visible:ring-sky-500 disabled:pointer-events-none disabled:opacity-50 active:scale-[0.97] bg-sky-600 text-white hover:bg-sky-500 h-8 px-3\"\u001b[39m\n                \u001b[33mdisabled\u001b[39m=\u001b[32m\"\"\u001b[39m\n              \u001b[36m>\u001b[39m\n                \u001b[36m<span\u001b[39m\n                  \u001b[33mclass\u001b[39m=\u001b[32m\"inline-flex items-center gap-2\"\u001b[39m\n                \u001b[36m>\u001b[39m\n                  \u001b[0mSave\u001b[0m\n                \u001b[36m</span>\u001b[39m\n              \u001b[36m</button>\u001b[39m\n            \u001b[36m</div>\u001b[39m\n          \u001b[36m</div>\u001b[39m\n          \u001b[36m<div\u001b[39m\n            \u001b[33mclass\u001b[39m=\u001b[32m\"text-[10px] uppercase tracking-wide text-muted-foreground\"\u001b[39m\n          \u001b[36m>\u001b[39m\n            \u001b[0m1/1/2023\u001b[0m\n          \u001b[36m</div>\u001b[39m\n        \u001b[36m</div>\u001b[39m\n        \u001b[36m<div\u001b[39m\n          \u001b[33mclass\u001b[39m=\u001b[32m\"rounded-md border p-4 bg-background/50 space-y-2\"\u001b[39m\n        \u001b[36m>\u001b[39m\n          \u001b[36m<div\u001b[39m\n            \u001b[33mclass\u001b[39m=\u001b[32m\"flex items-center justify-between gap-4\"\u001b[39m\n          \u001b[36m>\u001b[39m\n            \u001b[36m<div\u001b[39m\n              \u001b[33mclass\u001b[39m=\u001b[32m\"text-sm font-medium\"\u001b[39m\n            \u001b[36m>\u001b[39m\n              \u001b[0mOther User\u001b[0m\n            \u001b[36m</div>\u001b[39m\n            \u001b[36m<div\u001b[39m\n              \u001b[33mclass\u001b[39m=\u001b[32m\"flex items-center gap-2\"\u001b[39m\n            \u001b[36m>\u001b[39m\n              \u001b[36m<div\u001b[39m\n                \u001b[33mclass\u001b[39m=\u001b[32m\"flex items-center gap-1\"\u001b[39m\n              \u001b[36m>\u001b[39m\n                \u001b[36m<div\u001b[39m\n                  \u001b[33mclass\u001b[39m=\u001b[32m\"flex items-center\"\u001b[39m\n                \u001b[36m>\u001b[39m\n                  \u001b[36m<span\u001b[39m\n                    \u001b[33maria-hidden\u001b[39m=\u001b[32m\"true\"\u001b[39m\n                    \u001b[33mclass\u001b[39m=\u001b[32m\"text-[12px] text-yellow-500\"\u001b[39m\n                  \u001b[36m>\u001b[39m\n                    \u001b[0m★\u001b[0m\n                  \u001b[36m</span>\u001b[39m\n                  \u001b[36m<span\u001b[39m\n                    \u001b[33maria-hidden\u001b[39m=\u001b[32m\"true\"\u001b[39m\n                    \u001b[33mclass\u001b[39m=\u001b[32m\"text-[12px] text-yellow-500\"\u001b[39m\n                  \u001b[36m>\u001b[39m\n                    \u001b[0m★\u001b[0m\n                  \u001b[36m</span>\u001b[39m\n                  \u001b[36m<span\u001b[39m\n                    \u001b[33maria-hidden\u001b[39m=\u001b[32m\"true\"\u001b[39m\n                    \u001b[33mclass\u001b[39m=\u001b[32m\"text-[12px] text-yellow-500\"\u001b[39m\n                  \u001b[36m>\u001b[39m\n                    \u001b[0m★\u001b[0m\n                  \u001b[36m</span>\u001b[39m\n                  \u001b[36m<span\u001b[39m\n                    \u001b[33maria-hidden\u001b[39m=\u001b[32m\"true\"\u001b[39m\n                    \u001b[33mclass\u001b[39m=\u001b[32m\"text-[12px] text-muted-foreground\"\u001b[39m\n                  \u001b[36m>\u001b[39m\n                    \u001b[0m☆\u001b[0m\n                  \u001b[36m</span>\u001b[39m\n                  \u001b[36m<span\u001b[39m\n                    \u001b[33maria-hidden\u001b[39m=\u001b[32m\"true\"\u001b[39m\n                    \u001b[33mclass\u001b[39m=\u001b[32m\"text-[12px] text-muted-foreground\"\u001b[39m\n                  \u001b[36m>\u001b[39m\n                    \u001b[0m☆\u001b[0m\n                  \u001b[36m</span>\u001b[39m\n                \u001b[36m</div>\u001b[39m\n              \u001b[36m</div>\u001b[39m\n            \u001b[36m</div>\u001b[39m\n          \u001b[36m</div>\u001b[39m\n          \u001b[36m<p\u001b[39m\n            \u001b[33mclass\u001b[39m=\u001b[32m\"text-sm leading-relaxed whitespace-pre-wrap break-words\"\u001b[39m\n          \u001b[36m>\u001b[39m\n            \u001b[0mDecent read\u001b[0m\n          \u001b[36m</p>\u001b[39m\n          \u001b[36m<div\u001b[39m\n            \u001b[33mclass\u001b[39m=\u001b[32m\"text-[10px] uppercase tracking-wide text-muted-foreground\"\u001b[39m\n          \u001b[36m>\u001b[39m\n            \u001b[0m1/2/2023\u001b[0m\n          \u001b[36m</div>\u001b[39m\n        \u001b[36m</div>\u001b[39m\n      \u001b[36m</div>\u001b[39m\n    \u001b[36m</div>\u001b[39m\n  \u001b[36m</body>\u001b[39m\n\u001b[36m</html>\u001b[39m\n    at Proxy.expectWrapper (file:///Users/dinkark/Documents/AI-Talentica/AI%20Native%20M2/BookVerse/book-review-frontend/node_modules/@vitest/expect/dist/index.js:1745:12)\n    at Proxy.<anonymous> (file:///Users/dinkark/Documents/AI-Talentica/AI%20Native%20M2/BookVerse/book-review-frontend/node_modules/@vitest/expect/dist/index.js:1029:14)\n    at Proxy.methodWrapper (file:///Users/dinkark/Documents/AI-Talentica/AI%20Native%20M2/BookVerse/book-review-frontend/node_modules/chai/index.js:1686:25)\n    at /Users/dinkark/Documents/AI-Talentica/AI Native M2/BookVerse/book-review-frontend/src/components/__tests__/ReviewsList.interactions.test.tsx:218:26\n    at runWithExpensiveErrorDiagnosticsDisabled (/Users/dinkark/Documents/AI-Talentica/AI Native M2/BookVerse/book-review-frontend/node_modules/@testing-library/dom/dist/config.js:47:12)\n    at checkCallback (/Users/dinkark/Documents/AI-Talentica/AI Native M2/BookVerse/book-review-frontend/node_modules/@testing-library/dom/dist/wait-for.js:124:77)\n    at Timeout.checkRealTimersCallback (/Users/dinkark/Documents/AI-Talentica/AI Native M2/BookVerse/book-review-frontend/node_modules/@testing-library/dom/dist/wait-for.js:118:16)\n    at listOnTimeout (node:internal/timers:608:17)\n    at processTimers (node:internal/timers:543:7)"],"meta":{}},{"ancestorTitles":["ReviewsList Interaction Tests"],"fullName":"ReviewsList Interaction Tests deletes review when delete button is clicked and confirmed","status":"passed","title":"deletes review when delete button is clicked and confirmed","duration":14.811666999999943,"failureMessages":[],"meta":{}},{"ancestorTitles":["ReviewsList Interaction Tests"],"fullName":"ReviewsList Interaction Tests does not delete review when confirmation is cancelled","status":"passed","title":"does not delete review when confirmation is cancelled","duration":6.186333000000104,"failureMessages":[],"meta":{}},{"ancestorTitles":["ReviewsList Interaction Tests"],"fullName":"ReviewsList Interaction Tests handles delete API errors","status":"passed","title":"handles delete API errors","duration":9.973500000000058,"failureMessages":[],"meta":{}},{"ancestorTitles":["ReviewsList Interaction Tests"],"fullName":"ReviewsList Interaction Tests handles API error with response message","status":"passed","title":"handles API error with response message","duration":14.690874999999778,"failureMessages":[],"meta":{}},{"ancestorTitles":["ReviewsList Interaction Tests"],"fullName":"ReviewsList Interaction Tests disables buttons when operation is in progress","status":"passed","title":"disables buttons when operation is in progress","duration":9.59387499999957,"failureMessages":[],"meta":{}}],"startTime":1759121918300,"endTime":1759121919668.594,"status":"failed","message":"","name":"/Users/dinkark/Documents/AI-Talentica/AI Native M2/BookVerse/book-review-frontend/src/components/__tests__/ReviewsList.interactions.test.tsx"},{"assertionResults":[{"ancestorTitles":["ReviewsList Component"],"fullName":"ReviewsList Component renders reviews list","status":"passed","title":"renders reviews list","duration":95.56450000000018,"failureMessages":[],"meta":{}},{"ancestorTitles":["ReviewsList Component"],"fullName":"ReviewsList Component shows edit/delete buttons for user own reviews","status":"passed","title":"shows edit/delete buttons for user own reviews","duration":4.909750000000031,"failureMessages":[],"meta":{}},{"ancestorTitles":["ReviewsList Component"],"fullName":"ReviewsList Component handles empty reviews list","status":"passed","title":"handles empty reviews list","duration":1.6422499999998763,"failureMessages":[],"meta":{}},{"ancestorTitles":["ReviewsList Component"],"fullName":"ReviewsList Component hides edit/delete buttons for other users reviews","status":"passed","title":"hides edit/delete buttons for other users reviews","duration":2.1526669999998376,"failureMessages":[],"meta":{}}],"startTime":1759121919928,"endTime":1759121920032.1526,"status":"passed","message":"","name":"/Users/dinkark/Documents/AI-Talentica/AI Native M2/BookVerse/book-review-frontend/src/components/__tests__/ReviewsList.simple.test.tsx"},{"assertionResults":[{"ancestorTitles":["SearchBar Component - Advanced"],"fullName":"SearchBar Component - Advanced updates input value when typing","status":"passed","title":"updates input value when typing","duration":43.7986249999999,"failureMessages":[],"meta":{}},{"ancestorTitles":["SearchBar Component - Advanced"],"fullName":"SearchBar Component - Advanced submits search when pressing Enter in form","status":"passed","title":"submits search when pressing Enter in form","duration":6.776499999999942,"failureMessages":[],"meta":{}},{"ancestorTitles":["SearchBar Component - Advanced"],"fullName":"SearchBar Component - Advanced submits empty search","status":"passed","title":"submits empty search","duration":89.91879199999994,"failureMessages":[],"meta":{}},{"ancestorTitles":["SearchBar Component - Advanced"],"fullName":"SearchBar Component - Advanced prevents default form submission behavior","status":"passed","title":"prevents default form submission behavior","duration":2.714917000000014,"failureMessages":[],"meta":{}},{"ancestorTitles":["SearchBar Component - Advanced"],"fullName":"SearchBar Component - Advanced has proper accessibility attributes","status":"passed","title":"has proper accessibility attributes","duration":4.618457999999919,"failureMessages":[],"meta":{}}],"startTime":1759121918149,"endTime":1759121918297.6184,"status":"passed","message":"","name":"/Users/dinkark/Documents/AI-Talentica/AI Native M2/BookVerse/book-review-frontend/src/components/__tests__/SearchBar.advanced.test.tsx"},{"assertionResults":[{"ancestorTitles":["SearchBar Component"],"fullName":"SearchBar Component renders search input","status":"passed","title":"renders search input","duration":25.716791000000057,"failureMessages":[],"meta":{}},{"ancestorTitles":["SearchBar Component"],"fullName":"SearchBar Component calls onSearch when form is submitted","status":"passed","title":"calls onSearch when form is submitted","duration":192.39491700000008,"failureMessages":[],"meta":{}}],"startTime":1759121919706,"endTime":1759121919924.395,"status":"passed","message":"","name":"/Users/dinkark/Documents/AI-Talentica/AI Native M2/BookVerse/book-review-frontend/src/components/__tests__/SearchBar.simple.test.tsx"},{"assertionResults":[{"ancestorTitles":["ErrorBoundary Component"],"fullName":"ErrorBoundary Component renders children when there is no error","status":"passed","title":"renders children when there is no error","duration":16.258540999999923,"failureMessages":[],"meta":{}},{"ancestorTitles":["ErrorBoundary Component"],"fullName":"ErrorBoundary Component renders error UI when child component throws","status":"passed","title":"renders error UI when child component throws","duration":7.679500000000189,"failureMessages":[],"meta":{}},{"ancestorTitles":["ErrorBoundary Component"],"fullName":"ErrorBoundary Component renders home link with correct href","status":"passed","title":"renders home link with correct href","duration":4.287582999999813,"failureMessages":[],"meta":{}},{"ancestorTitles":["ErrorBoundary Component"],"fullName":"ErrorBoundary Component applies correct styling to error UI","status":"passed","title":"applies correct styling to error UI","duration":2.7539580000000115,"failureMessages":[],"meta":{}}],"startTime":1759121922029,"endTime":1759121922060.754,"status":"passed","message":"","name":"/Users/dinkark/Documents/AI-Talentica/AI Native M2/BookVerse/book-review-frontend/src/components/__tests__/errorboundary.test.tsx"},{"assertionResults":[{"ancestorTitles":["AuthContext"],"fullName":"AuthContext provides initial auth state","status":"passed","title":"provides initial auth state","duration":25.854417000000012,"failureMessages":[],"meta":{}},{"ancestorTitles":["AuthContext"],"fullName":"AuthContext handles login","status":"passed","title":"handles login","duration":6.083584000000201,"failureMessages":[],"meta":{}},{"ancestorTitles":["AuthContext"],"fullName":"AuthContext handles logout","status":"passed","title":"handles logout","duration":2.3902499999999236,"failureMessages":[],"meta":{}}],"startTime":1759121919832,"endTime":1759121919866.3901,"status":"passed","message":"","name":"/Users/dinkark/Documents/AI-Talentica/AI Native M2/BookVerse/book-review-frontend/src/context/__tests__/AuthContext.advanced.test.tsx"},{"assertionResults":[{"ancestorTitles":["AuthContext"],"fullName":"AuthContext should be properly configured","status":"passed","title":"should be properly configured","duration":0.8162079999999605,"failureMessages":[],"meta":{}}],"startTime":1759121924654,"endTime":1759121924654.8162,"status":"passed","message":"","name":"/Users/dinkark/Documents/AI-Talentica/AI Native M2/BookVerse/book-review-frontend/src/context/__tests__/AuthContext.simple.test.tsx"},{"assertionResults":[{"ancestorTitles":["AuthContext Provider"],"fullName":"AuthContext Provider provides authentication context","status":"passed","title":"provides authentication context","duration":19.099791000000096,"failureMessages":[],"meta":{}},{"ancestorTitles":["AuthContext Provider"],"fullName":"AuthContext Provider handles login and logout actions","status":"passed","title":"handles login and logout actions","duration":11.896790999999894,"failureMessages":[],"meta":{}},{"ancestorTitles":["AuthContext Provider"],"fullName":"AuthContext Provider restores session from localStorage","status":"passed","title":"restores session from localStorage","duration":4.218499999999949,"failureMessages":[],"meta":{}}],"startTime":1759121921337,"endTime":1759121921372.2185,"status":"passed","message":"","name":"/Users/dinkark/Documents/AI-Talentica/AI Native M2/BookVerse/book-review-frontend/src/context/__tests__/AuthContext.simple2.test.tsx"},{"assertionResults":[{"ancestorTitles":["ThemeContext"],"fullName":"ThemeContext provides default light theme when no stored preference","status":"passed","title":"provides default light theme when no stored preference","duration":56.140625,"failureMessages":[],"meta":{}},{"ancestorTitles":["ThemeContext"],"fullName":"ThemeContext uses stored theme preference","status":"passed","title":"uses stored theme preference","duration":1.7984579999999823,"failureMessages":[],"meta":{}},{"ancestorTitles":["ThemeContext"],"fullName":"ThemeContext toggles theme correctly","status":"passed","title":"toggles theme correctly","duration":6.176167000000078,"failureMessages":[],"meta":{}},{"ancestorTitles":["ThemeContext"],"fullName":"ThemeContext sets theme directly","status":"passed","title":"sets theme directly","duration":8.19900000000007,"failureMessages":[],"meta":{}},{"ancestorTitles":["ThemeContext"],"fullName":"ThemeContext updates document dataset when theme changes","status":"passed","title":"updates document dataset when theme changes","duration":15.742042000000083,"failureMessages":[],"meta":{}},{"ancestorTitles":["ThemeContext"],"fullName":"ThemeContext attempts to save to localStorage when theme changes","status":"passed","title":"attempts to save to localStorage when theme changes","duration":3.6998749999997926,"failureMessages":[],"meta":{}}],"startTime":1759121919716,"endTime":1759121919807.7,"status":"passed","message":"","name":"/Users/dinkark/Documents/AI-Talentica/AI Native M2/BookVerse/book-review-frontend/src/context/__tests__/ThemeContext.test.tsx"},{"assertionResults":[{"ancestorTitles":["HomePage Component"],"fullName":"HomePage Component renders without crashing","status":"passed","title":"renders without crashing","duration":54.44045799999981,"failureMessages":[],"meta":{}}],"startTime":1759121921726,"endTime":1759121921780.4404,"status":"passed","message":"","name":"/Users/dinkark/Documents/AI-Talentica/AI Native M2/BookVerse/book-review-frontend/src/pages/__tests__/HomePage.simple.test.tsx"},{"assertionResults":[{"ancestorTitles":["ProfilePage Tab Navigation Tests"],"fullName":"ProfilePage Tab Navigation Tests renders profile page with user information","status":"passed","title":"renders profile page with user information","duration":80.54887499999995,"failureMessages":[],"meta":{}},{"ancestorTitles":["ProfilePage Tab Navigation Tests"],"fullName":"ProfilePage Tab Navigation Tests handles unauthenticated user","status":"passed","title":"handles unauthenticated user","duration":3.1710420000001704,"failureMessages":[],"meta":{}},{"ancestorTitles":["ProfilePage Tab Navigation Tests"],"fullName":"ProfilePage Tab Navigation Tests calls logout when logout button is clicked","status":"passed","title":"calls logout when logout button is clicked","duration":19.345000000000027,"failureMessages":[],"meta":{}},{"ancestorTitles":["ProfilePage Tab Navigation Tests"],"fullName":"ProfilePage Tab Navigation Tests loads favorites tab by default","status":"passed","title":"loads favorites tab by default","duration":23.336416999999983,"failureMessages":[],"meta":{}},{"ancestorTitles":["ProfilePage Tab Navigation Tests"],"fullName":"ProfilePage Tab Navigation Tests switches to reviews tab and loads reviews","status":"passed","title":"switches to reviews tab and loads reviews","duration":27.608208000000104,"failureMessages":[],"meta":{}},{"ancestorTitles":["ProfilePage Tab Navigation Tests"],"fullName":"ProfilePage Tab Navigation Tests switches to recommendations tab and loads recommendations","status":"passed","title":"switches to recommendations tab and loads recommendations","duration":57.977750000000015,"failureMessages":[],"meta":{}},{"ancestorTitles":["ProfilePage Tab Navigation Tests"],"fullName":"ProfilePage Tab Navigation Tests shows recommendation mode options when on recs tab","status":"passed","title":"shows recommendation mode options when on recs tab","duration":11.182583999999906,"failureMessages":[],"meta":{}},{"ancestorTitles":["ProfilePage Tab Navigation Tests"],"fullName":"ProfilePage Tab Navigation Tests switches recommendation mode to Top Rated","status":"passed","title":"switches recommendation mode to Top Rated","duration":9.200791999999865,"failureMessages":[],"meta":{}},{"ancestorTitles":["ProfilePage Tab Navigation Tests"],"fullName":"ProfilePage Tab Navigation Tests switches recommendation mode to LLM","status":"passed","title":"switches recommendation mode to LLM","duration":20.416208000000097,"failureMessages":[],"meta":{}},{"ancestorTitles":["ProfilePage Tab Navigation Tests"],"fullName":"ProfilePage Tab Navigation Tests shows empty state for favorites","status":"passed","title":"shows empty state for favorites","duration":6.085499999999911,"failureMessages":[],"meta":{}},{"ancestorTitles":["ProfilePage Tab Navigation Tests"],"fullName":"ProfilePage Tab Navigation Tests shows empty state for reviews","status":"passed","title":"shows empty state for reviews","duration":17.44095900000002,"failureMessages":[],"meta":{}},{"ancestorTitles":["ProfilePage Tab Navigation Tests"],"fullName":"ProfilePage Tab Navigation Tests shows empty state for recommendations","status":"passed","title":"shows empty state for recommendations","duration":31.31337499999995,"failureMessages":[],"meta":{}},{"ancestorTitles":["ProfilePage Tab Navigation Tests"],"fullName":"ProfilePage Tab Navigation Tests handles API errors and shows error message","status":"passed","title":"handles API errors and shows error message","duration":7.693417000000181,"failureMessages":[],"meta":{}},{"ancestorTitles":["ProfilePage Tab Navigation Tests"],"fullName":"ProfilePage Tab Navigation Tests handles LLM recommendations error with custom error message","status":"passed","title":"handles LLM recommendations error with custom error message","duration":10.639208000000053,"failureMessages":[],"meta":{}},{"ancestorTitles":["ProfilePage Tab Navigation Tests"],"fullName":"ProfilePage Tab Navigation Tests shows loading state","status":"passed","t
[...]
e":6,"column":2}}},"s":{"0":0,"1":0,"2":0,"3":0,"4":0,"5":0},"branchMap":{"0":{"type":"branch","line":1,"loc":{"start":{"line":1,"column":0},"end":{"line":6,"column":2}},"locations":[{"start":{"line":1,"column":0},"end":{"line":6,"column":2}}]}},"b":{"0":[0]},"fnMap":{"0":{"name":"(empty-report)","decl":{"start":{"line":1,"column":0},"end":{"line":6,"column":2}},"loc":{"start":{"line":1,"column":0},"end":{"line":6,"column":2}},"line":1}},"f":{"0":0}},"/Users/dinkark/Documents/AI-Talentica/AI Native M2/BookVerse/book-review-frontend/vite.config.ts":{"path":"/Users/dinkark/Documents/AI-Talentica/AI Native M2/BookVerse/book-review-frontend/vite.config.ts","all":true,"statementMap":{"0":{"start":{"line":1,"column":0},"end":{"line":1,"column":36}},"1":{"start":{"line":2,"column":0},"end":{"line":2,"column":41}},"2":{"start":{"line":3,"column":0},"end":{"line":3,"column":29}},"3":{"start":{"line":4,"column":0},"end":{"line":4,"column":0}},"4":{"start":{"line":5,"column":0},"end":{"line":5,"column":27}},"5":{"start":{"line":6,"column":0},"end":{"line":6,"column":29}},"6":{"start":{"line":7,"column":0},"end":{"line":7,"column":21}},"7":{"start":{"line":8,"column":0},"end":{"line":8,"column":12}},"8":{"start":{"line":9,"column":0},"end":{"line":9,"column":12}},"9":{"start":{"line":10,"column":0},"end":{"line":10,"column":41}},"10":{"start":{"line":11,"column":0},"end":{"line":11,"column":5}},"11":{"start":{"line":12,"column":0},"end":{"line":12,"column":4}},"12":{"start":{"line":13,"column":0},"end":{"line":13,"column":11}},"13":{"start":{"line":14,"column":0},"end":{"line":14,"column":12}},"14":{"start":{"line":15,"column":0},"end":{"line":15,"column":15}},"15":{"start":{"line":16,"column":0},"end":{"line":16,"column":40}},"16":{"start":{"line":17,"column":0},"end":{"line":17,"column":27}},"17":{"start":{"line":18,"column":0},"end":{"line":18,"column":89}},"18":{"start":{"line":19,"column":0},"end":{"line":19,"column":56}},"19":{"start":{"line":20,"column":0},"end":{"line":20,"column":7}},"20":{"start":{"line":21,"column":0},"end":{"line":21,"column":5}},"21":{"start":{"line":22,"column":0},"end":{"line":22,"column":3}},"22":{"start":{"line":23,"column":0},"end":{"line":23,"column":3}}},"s":{"0":0,"1":0,"2":0,"3":0,"4":0,"5":0,"6":0,"7":0,"8":0,"9":0,"10":0,"11":0,"12":0,"13":0,"14":0,"15":0,"16":0,"17":0,"18":0,"19":0,"20":0,"21":0,"22":0},"branchMap":{"0":{"type":"branch","line":1,"loc":{"start":{"line":1,"column":0},"end":{"line":23,"column":3}},"locations":[{"start":{"line":1,"column":0},"end":{"line":23,"column":3}}]}},"b":{"0":[0]},"fnMap":{"0":{"name":"(empty-report)","decl":{"start":{"line":1,"column":0},"end":{"line":23,"column":3}},"loc":{"start":{"line":1,"column":0},"end":{"line":23,"column":3}},"line":1}},"f":{"0":0}},"/Users/dinkark/Documents/AI-Talentica/AI Native M2/BookVerse/book-review-frontend/tailwind.config.js":{"path":"/Users/dinkark/Documents/AI-Talentica/AI Native M2/BookVerse/book-review-frontend/tailwind.config.js","all":true,"statementMap":{"0":{"start":{"line":1,"column":0},"end":{"line":1,"column":43}},"1":{"start":{"line":2,"column":0},"end":{"line":2,"column":16}},"2":{"start":{"line":3,"column":0},"end":{"line":3,"column":12}},"3":{"start":{"line":4,"column":0},"end":{"line":4,"column":19}},"4":{"start":{"line":5,"column":0},"end":{"line":5,"column":33}},"5":{"start":{"line":6,"column":0},"end":{"line":6,"column":4}},"6":{"start":{"line":7,"column":0},"end":{"line":7,"column":10}},"7":{"start":{"line":8,"column":0},"end":{"line":8,"column":15}},"8":{"start":{"line":9,"column":0},"end":{"line":9,"column":4}},"9":{"start":{"line":10,"column":0},"end":{"line":10,"column":14}},"10":{"start":{"line":11,"column":0},"end":{"line":11,"column":2}}},"s":{"0":0,"1":0,"2":0,"3":0,"4":0,"5":0,"6":0,"7":0,"8":0,"9":0,"10":0},"branchMap":{"0":{"type":"branch","line":1,"loc":{"start":{"line":1,"column":0},"end":{"line":11,"column":2}},"locations":[{"start":{"line":1,"column":0},"end":{"line":11,"column":2}}]}},"b":{"0":[0]},"fnMap":{"0":{"name":"(empty-report)","decl":{"start":{"line":1,"column":0},"end":{"line":11,"column":2}},"loc":{"start":{"line":1,"column":0},"end":{"line":11,"column":2}},"line":1}},"f":{"0":0}},"/Users/dinkark/Documents/AI-Talentica/AI Native M2/BookVerse/book-review-frontend/eslint.config.js":{"path":"/Users/dinkark/Documents/AI-Talentica/AI Native M2/BookVerse/book-review-frontend/eslint.config.js","all":true,"statementMap":{"0":{"start":{"line":1,"column":0},"end":{"line":1,"column":27}},"1":{"start":{"line":2,"column":0},"end":{"line":2,"column":29}},"2":{"start":{"line":3,"column":0},"end":{"line":3,"column":50}},"3":{"start":{"line":4,"column":0},"end":{"line":4,"column":54}},"4":{"start":{"line":5,"column":0},"end":{"line":5,"column":40}},"5":{"start":{"line":6,"column":0},"end":{"line":6,"column":45}},"6":{"start":{"line":7,"column":0},"end":{"line":7,"column":0}},"7":{"start":{"line":8,"column":0},"end":{"line":8,"column":32}},"8":{"start":{"line":9,"column":0},"end":{"line":9,"column":26}},"9":{"start":{"line":10,"column":0},"end":{"line":10,"column":3}},"10":{"start":{"line":11,"column":0},"end":{"line":11,"column":29}},"11":{"start":{"line":12,"column":0},"end":{"line":12,"column":14}},"12":{"start":{"line":13,"column":0},"end":{"line":13,"column":29}},"13":{"start":{"line":14,"column":0},"end":{"line":14,"column":35}},"14":{"start":{"line":15,"column":0},"end":{"line":15,"column":47}},"15":{"start":{"line":16,"column":0},"end":{"line":16,"column":32}},"16":{"start":{"line":17,"column":0},"end":{"line":17,"column":6}},"17":{"start":{"line":18,"column":0},"end":{"line":18,"column":22}},"18":{"start":{"line":19,"column":0},"end":{"line":19,"column":24}},"19":{"start":{"line":20,"column":0},"end":{"line":20,"column":31}},"20":{"start":{"line":21,"column":0},"end":{"line":21,"column":6}},"21":{"start":{"line":22,"column":0},"end":{"line":22,"column":4}},"22":{"start":{"line":23,"column":0},"end":{"line":23,"column":2}}},"s":{"0":0,"1":0,"2":0,"3":0,"4":0,"5":0,"6":0,"7":0,"8":0,"9":0,"10":0,"11":0,"12":0,"13":0,"14":0,"15":0,"16":0,"17":0,"18":0,"19":0,"20":0,"21":0,"22":0},"branchMap":{"0":{"type":"branch","line":1,"loc":{"start":{"line":1,"column":0},"end":{"line":23,"column":2}},"locations":[{"start":{"line":1,"column":0},"end":{"line":23,"column":2}}]}},"b":{"0":[0]},"fnMap":{"0":{"name":"(empty-report)","decl":{"start":{"line":1,"column":0},"end":{"line":23,"column":2}},"loc":{"start":{"line":1,"column":0},"end":{"line":23,"column":2}},"line":1}},"f":{"0":0}},"/Users/dinkark/Documents/AI-Talentica/AI Native M2/BookVerse/book-review-frontend/vitest.config.ts":{"path":"/Users/dinkark/Documents/AI-Talentica/AI Native M2/BookVerse/book-review-frontend/vitest.config.ts","all":true,"statementMap":{"0":{"start":{"line":1,"column":0},"end":{"line":1,"column":32}},"1":{"start":{"line":2,"column":0},"end":{"line":2,"column":35}},"2":{"start":{"line":3,"column":0},"end":{"line":3,"column":40}},"3":{"start":{"line":4,"column":0},"end":{"line":4,"column":23}},"4":{"start":{"line":5,"column":0},"end":{"line":5,"column":0}},"5":{"start":{"line":6,"column":0},"end":{"line":6,"column":29}},"6":{"start":{"line":7,"column":0},"end":{"line":7,"column":21}},"7":{"start":{"line":8,"column":0},"end":{"line":8,"column":12}},"8":{"start":{"line":9,"column":0},"end":{"line":9,"column":12}},"9":{"start":{"line":10,"column":0},"end":{"line":10,"column":44}},"10":{"start":{"line":11,"column":0},"end":{"line":11,"column":6}},"11":{"start":{"line":12,"column":0},"end":{"line":12,"column":4}},"12":{"start":{"line":13,"column":0},"end":{"line":13,"column":9}},"13":{"start":{"line":14,"column":0},"end":{"line":14,"column":18}},"14":{"start":{"line":15,"column":0},"end":{"line":15,"column":25}},"15":{"start":{"line":16,"column":0},"end":{"line":16,"column":40}},"16":{"start":{"line":17,"column":0},"end":{"line":17,"column":15}},"17":{"start":{"line":18,"column":0},"end":{"line":18,"column":21}},"18":{"start":{"line":19,"column":0},"end":{"line":19,"column":41}},"19":{"start":{"line":20,"column":0},"end":{"line":20,"column":16}},"20":{"start":{"line":21,"column":0},"end":{"line":21,"column":24}},"21":{"start":{"line":22,"column":0},"end":{"line":22,"column":20}},"22":{"start":{"line":23,"column":0},"end":{"line":23,"column":20}},"23":{"start":{"line":24,"column":0},"end":{"line":24,"column":23}},"24":{"start":{"line":25,"column":0},"end":{"line":25,"column":27}},"25":{"start":{"line":26,"column":0},"end":{"line":26,"column":8}},"26":{"start":{"line":27,"column":0},"end":{"line":27,"column":19}},"27":{"start":{"line":28,"column":0},"end":{"line":28,"column":17}},"28":{"start":{"line":29,"column":0},"end":{"line":29,"column":23}},"29":{"start":{"line":30,"column":0},"end":{"line":30,"column":24}},"30":{"start":{"line":31,"column":0},"end":{"line":31,"column":20}},"31":{"start":{"line":32,"column":0},"end":{"line":32,"column":24}},"32":{"start":{"line":33,"column":0},"end":{"line":33,"column":9}},"33":{"start":{"line":34,"column":0},"end":{"line":34,"column":7}},"34":{"start":{"line":35,"column":0},"end":{"line":35,"column":5}},"35":{"start":{"line":36,"column":0},"end":{"line":36,"column":3}},"36":{"start":{"line":37,"column":0},"end":{"line":37,"column":2}}},"s":{"0":0,"1":0,"2":0,"3":0,"4":0,"5":0,"6":0,"7":0,"8":0,"9":0,"10":0,"11":0,"12":0,"13":0,"14":0,"15":0,"16":0,"17":0,"18":0,"19":0,"20":0,"21":0,"22":0,"23":0,"24":0,"25":0,"26":0,"27":0,"28":0,"29":0,"30":0,"31":0,"32":0,"33":0,"34":0,"35":0,"36":0},"branchMap":{"0":{"type":"branch","line":1,"loc":{"start":{"line":1,"column":0},"end":{"line":37,"column":2}},"locations":[{"start":{"line":1,"column":0},"end":{"line":37,"column":2}}]}},"b":{"0":[0]},"fnMap":{"0":{"name":"(empty-report)","decl":{"start":{"line":1,"column":0},"end":{"line":37,"column":2}},"loc":{"start":{"line":1,"column":0},"end":{"line":37,"column":2}},"line":1}},"f":{"0":0}},"/Users/dinkark/Documents/AI-Talentica/AI Native M2/BookVerse/book-review-frontend/src/types/domain.ts":{"path":"/Users/dinkark/Documents/AI-Talentica/AI Native M2/BookVerse/book-review-frontend/src/types/domain.ts","all":true,"statementMap":{"0":{"start":{"line":1,"column":0},"end":{"line":1,"column":23}},"1":{"start":{"line":2,"column":0},"end":{"line":2,"column":13}},"2":{"start":{"line":3,"column":0},"end":{"line":3,"column":15}},"3":{"start":{"line":4,"column":0},"end":{"line":4,"column":16}},"4":{"start":{"line":5,"column":0},"end":{"line":5,"column":28}},"5":{"start":{"line":6,"column":0},"end":{"line":6,"column":21}},"6":{"start":{"line":7,"column":0},"end":{"line":7,"column":1}},"7":{"start":{"line":8,"column":0},"end":{"line":8,"column":0}},"8":{"start":{"line":9,"column":0},"end":{"line":9,"column":25}},"9":{"start":{"line":10,"column":0},"end":{"line":10,"column":13}},"10":{"start":{"line":11,"column":0},"end":{"line":11,"column":17}},"11":{"start":{"line":12,"column":0},"end":{"line":12,"column":17}},"12":{"start":{"line":13,"column":0},"end":{"line":13,"column":24}},"13":{"start":{"line":14,"column":0},"end":{"line":14,"column":17}},"14":{"start":{"line":15,"column":0},"end":{"line":15,"column":18}},"15":{"start":{"line":16,"column":0},"end":{"line":16,"column":20}},"16":{"start":{"line":17,"column":0},"end":{"line":17,"column":21}},"17":{"start":{"line":18,"column":0},"end":{"line":18,"column":26}},"18":{"start":{"line":19,"column":0},"end":{"line":19,"column":1}},"19":{"start":{"line":20,"column":0},"end":{"line":20,"column":0}},"20":{"start":{"line":21,"column":0},"end":{"line":21,"column":23}},"21":{"start":{"line":22,"column":0},"end":{"line":22,"column":13}},"22":{"start":{"line":23,"column":0},"end":{"line":23,"column":16}},"23":{"start":{"line":24,"column":0},"end":{"line":24,"column":17}},"24":{"start":{"line":25,"column":0},"end":{"line":25,"column":23}},"25":{"start":{"line":26,"column":0},"end":{"line":26,"column":20}},"26":{"start":{"line":27,"column":0},"end":{"line":27,"column":25}},"27":{"start":{"line":28,"column":0},"end":{"line":28,"column":29}},"28":{"start":{"line":29,"column":0},"end":{"line":29,"column":37}},"29":{"start":{"line":30,"column":0},"end":{"line":30,"column":63}},"30":{"start":{"line":31,"column":0},"end":{"line":31,"column":21}},"31":{"start":{"line":32,"column":0},"end":{"line":32,"column":21}},"32":{"start":{"line":33,"column":0},"end":{"line":33,"column":1}},"33":{"start":{"line":34,"column":0},"end":{"line":34,"column":0}},"34":{"start":{"line":35,"column":0},"end":{"line":35,"column":33}},"35":{"start":{"line":36,"column":0},"end":{"line":36,"column":13}},"36":{"start":{"line":37,"column":0},"end":{"line":37,"column":17}},"37":{"start":{"line":38,"column":0},"end":{"line":38,"column":57}},"38":{"start":{"line":39,"column":0},"end":{"line":39,"column":15}},"39":{"start":{"line":40,"column":0},"end":{"line":40,"column":14}},"40":{"start":{"line":41,"column":0},"end":{"line":41,"column":1}},"41":{"start":{"line":42,"column":0},"end":{"line":42,"column":0}},"42":{"start":{"line":43,"column":0},"end":{"line":43,"column":37}},"43":{"start":{"line":44,"column":0},"end":{"line":44,"column":13}},"44":{"start":{"line":45,"column":0},"end":{"line":45,"column":16}},"45":{"start":{"line":46,"column":0},"end":{"line":46,"column":15}},"46":{"start":{"line":47,"column":0},"end":{"line":47,"column":19}},"47":{"start":{"line":48,"column":0},"end":{"line":48,"column":1}},"48":{"start":{"line":49,"column":0},"end":{"line":49,"column":0}},"49":{"start":{"line":50,"column":0},"end":{"line":50,"column":27}},"50":{"start":{"line":51,"column":0},"end":{"line":51,"column":18}},"51":{"start":{"line":52,"column":0},"end":{"line":52,"column":18}},"52":{"start":{"line":53,"column":0},"end":{"line":53,"column":16}},"53":{"start":{"line":54,"column":0},"end":{"line":54,"column":20}},"54":{"start":{"line":55,"column":0},"end":{"line":55,"column":1}}},"s":{"0":0,"1":0,"2":0,"3":0,"4":0,"5":0,"6":0,"7":0,"8":0,"9":0,"10":0,"11":0,"12":0,"13":0,"14":0,"15":0,"16":0,"17":0,"18":0,"19":0,"20":0,"21":0,"22":0,"23":0,"24":0,"25":0,"26":0,"27":0,"28":0,"29":0,"30":0,"31":0,"32":0,"33":0,"34":0,"35":0,"36":0,"37":0,"38":0,"39":0,"40":0,"41":0,"42":0,"43":0,"44":0,"45":0,"46":0,"47":0,"48":0,"49":0,"50":0,"51":0,"52":0,"53":0,"54":0},"branchMap":{"0":{"type":"branch","line":1,"loc":{"start":{"line":1,"column":0},"end":{"line":55,"column":1}},"locations":[{"start":{"line":1,"column":0},"end":{"line":55,"column":1}}]}},"b":{"0":[0]},"fnMap":{"0":{"name":"(empty-report)","decl":{"start":{"line":1,"column":0},"end":{"line":55,"column":1}},"loc":{"start":{"line":1,"column":0},"end":{"line":55,"column":1}},"line":1}},"f":{"0":0}},"/Users/dinkark/Documents/AI-Talentica/AI Native M2/BookVerse/book-review-frontend/postcss.config.js":{"path":"/Users/dinkark/Documents/AI-Talentica/AI Native M2/BookVerse/book-review-frontend/postcss.config.js","all":true,"statementMap":{"0":{"start":{"line":1,"column":0},"end":{"line":1,"column":0}}},"s":{"0":0},"branchMap":{"0":{"type":"branch","line":1,"loc":{"start":{"line":1,"column":0},"end":{"line":1,"column":0}},"locations":[{"start":{"line":1,"column":0},"end":{"line":1,"column":0}}]}},"b":{"0":[0]},"fnMap":{"0":{"name":"(empty-report)","decl":{"start":{"line":1,"column":0},"end":{"line":1,"column":0}},"loc":{"start":{"line":1,"column":0},"end":{"line":1,"column":0}},"line":1}},"f":{"0":0}},"/Users/dinkark/Documents/AI-Talentica/AI Native M2/BookVerse/book-review-frontend/src/pages/Signup.tsx":{"path":"/Users/dinkark/Documents/AI-Talentica/AI Native M2/BookVerse/book-review-frontend/src/pages/Signup.tsx","all":true,"statementMap":{"0":{"start":{"line":1,"column":0},"end":{"line":1,"column":22}},"1":{"start":{"line":2,"column":0},"end":{"line":2,"column":32}},"2":{"start":{"line":3,"column":0},"end":{"line":3,"column":2}},"3":{"start":{"line":4,"column":0},"end":{"line":4,"column":22}}},"s":{"0":0,"1":0,"2":0,"3":0},"branchMap":{"0":{"type":"branch","line":1,"loc":{"start":{"line":1,"column":0},"end":{"line":4,"column":22}},"locations":[{"start":{"line":1,"column":0},"end":{"line":4,"column":22}}]}},"b":{"0":[0]},"fnMap":{"0":{"name":"(empty-report)","decl":{"start":{"line":1,"column":0},"end":{"line":4,"column":22}},"loc":{"start":{"line":1,"column":0},"end":{"line":4,"column":22}},"line":1}},"f":{"0":0}},"/Users/dinkark/Documents/AI-Talentica/AI Native M2/BookVerse/book-review-frontend/src/pages/Profile.tsx":{"path":"/Users/dinkark/Documents/AI-Talentica/AI Native M2/BookVerse/book-review-frontend/src/pages/Profile.tsx","all":true,"statementMap":{"0":{"start":{"line":1,"column":0},"end":{"line":1,"column":23}},"1":{"start":{"line":2,"column":0},"end":{"line":2,"column":33}},"2":{"start":{"line":3,"column":0},"end":{"line":3,"column":2}},"3":{"start":{"line":4,"column":0},"end":{"line":4,"column":23}}},"s":{"0":0,"1":0,"2":0,"3":0},"branchMap":{"0":{"type":"branch","line":1,"loc":{"start":{"line":1,"column":0},"end":{"line":4,"column":23}},"locations":[{"start":{"line":1,"column":0},"end":{"line":4,"column":23}}]}},"b":{"0":[0]},"fnMap":{"0":{"name":"(empty-report)","decl":{"start":{"line":1,"column":0},"end":{"line":4,"column":23}},"loc":{"start":{"line":1,"column":0},"end":{"line":4,"column":23}},"line":1}},"f":{"0":0}},"/Users/dinkark/Documents/AI-Talentica/AI Native M2/BookVerse/book-review-frontend/src/pages/Login.tsx":{"path":"/Users/dinkark/Documents/AI-Talentica/AI Native M2/BookVerse/book-review-frontend/src/pages/Login.tsx","all":true,"statementMap":{"0":{"start":{"line":1,"column":0},"end":{"line":1,"column":21}},"1":{"start":{"line":2,"column":0},"end":{"line":2,"column":31}},"2":{"start":{"line":3,"column":0},"end":{"line":3,"column":2}},"3":{"start":{"line":4,"column":0},"end":{"line":4,"column":21}}},"s":{"0":0,"1":0,"2":0,"3":0},"branchMap":{"0":{"type":"branch","line":1,"loc":{"start":{"line":1,"column":0},"end":{"line":4,"column":21}},"locations":[{"start":{"line":1,"column":0},"end":{"line":4,"column":21}}]}},"b":{"0":[0]},"fnMap":{"0":{"name":"(empty-report)","decl":{"start":{"line":1,"column":0},"end":{"line":4,"column":21}},"loc":{"start":{"line":1,"column":0},"end":{"line":4,"column":21}},"line":1}},"f":{"0":0}},"/Users/dinkark/Documents/AI-Talentica/AI Native M2/BookVerse/book-review-frontend/src/pages/Home.tsx":{"path":"/Users/dinkark/Documents/AI-Talentica/AI Native M2/BookVerse/book-review-frontend/src/pages/Home.tsx","all":true,"statementMap":{"0":{"start":{"line":1,"column":0},"end":{"line":1,"column":20}},"1":{"start":{"line":2,"column":0},"end":{"line":2,"column":30}},"2":{"start":{"line":3,"column":0},"end":{"line":3,"column":2}},"3":{"start":{"line":4,"column":0},"end":{"line":4,"column":20}}},"s":{"0":0,"1":0,"2":0,"3":0},"branchMap":{"0":{"type":"branch","line":1,"loc":{"start":{"line":1,"column":0},"end":{"line":4,"column":20}},"locations":[{"start":{"line":1,"column":0},"end":{"line":4,"column":20}}]}},"b":{"0":[0]},"fnMap":{"0":{"name":"(empty-report)","decl":{"start":{"line":1,"column":0},"end":{"line":4,"column":20}},"loc":{"start":{"line":1,"column":0},"end":{"line":4,"column":20}},"line":1}},"f":{"0":0}},"/Users/dinkark/Documents/AI-Talentica/AI Native M2/BookVerse/book-review-frontend/src/pages/BookDetail.tsx":{"path":"/Users/dinkark/Documents/AI-Talentica/AI Native M2/BookVerse/book-review-frontend/src/pages/BookDetail.tsx","all":true,"statementMap":{"0":{"start":{"line":1,"column":0},"end":{"line":1,"column":26}},"1":{"start":{"line":2,"column":0},"end":{"line":2,"column":37}},"2":{"start":{"line":3,"column":0},"end":{"line":3,"column":2}},"3":{"start":{"line":4,"column":0},"end":{"line":4,"column":26}}},"s":{"0":0,"1":0,"2":0,"3":0},"branchMap":{"0":{"type":"branch","line":1,"loc":{"start":{"line":1,"column":0},"end":{"line":4,"column":26}},"locations":[{"start":{"line":1,"column":0},"end":{"line":4,"column":26}}]}},"b":{"0":[0]},"fnMap":{"0":{"name":"(empty-report)","decl":{"start":{"line":1,"column":0},"end":{"line":4,"column":26}},"loc":{"start":{"line":1,"column":0},"end":{"line":4,"column":26}},"line":1}},"f":{"0":0}}}}
